TN:
SF:src/index.js
FN:37,copyFile
FN:47,convertToExcel
FN:60,convertToJson
FN:83,analyze
FN:104,translate
FNF:5
FNH:5
FNDA:1,copyFile
FNDA:16,convertToExcel
FNDA:15,convertToJson
FNDA:24,analyze
FNDA:9,translate
DA:1,44
DA:2,44
DA:3,44
DA:4,44
DA:5,44
DA:6,44
DA:7,44
DA:8,44
DA:9,44
DA:10,44
DA:11,44
DA:12,44
DA:13,44
DA:14,44
DA:15,44
DA:16,44
DA:17,44
DA:18,44
DA:19,44
DA:20,44
DA:21,44
DA:22,44
DA:23,44
DA:24,44
DA:25,44
DA:26,44
DA:27,44
DA:28,44
DA:29,44
DA:30,44
DA:31,44
DA:32,44
DA:33,44
DA:34,44
DA:35,44
DA:36,44
DA:37,44
DA:38,44
DA:39,44
DA:40,44
DA:41,44
DA:42,44
DA:43,44
DA:44,44
DA:45,44
DA:46,44
DA:47,44
DA:48,16
DA:49,16
DA:50,16
DA:51,16
DA:52,44
DA:53,44
DA:54,44
DA:55,44
DA:56,44
DA:57,44
DA:58,44
DA:59,44
DA:60,44
DA:61,15
DA:62,15
DA:63,15
DA:64,15
DA:65,44
DA:66,44
DA:67,44
DA:68,44
DA:69,44
DA:70,44
DA:71,44
DA:72,44
DA:73,44
DA:74,44
DA:75,44
DA:76,44
DA:77,44
DA:78,44
DA:79,44
DA:80,44
DA:81,44
DA:82,44
DA:83,44
DA:84,24
DA:85,24
DA:86,44
DA:87,44
DA:88,44
DA:89,44
DA:90,44
DA:91,44
DA:92,44
DA:93,44
DA:94,44
DA:95,44
DA:96,44
DA:97,44
DA:98,44
DA:99,44
DA:100,44
DA:101,44
DA:102,44
DA:103,44
DA:104,44
DA:105,9
DA:106,9
DA:107,44
DA:108,44
DA:109,44
DA:110,44
DA:111,44
DA:112,44
DA:113,44
DA:114,44
DA:115,44
DA:116,44
DA:117,44
DA:118,44
DA:119,44
DA:120,44
DA:121,44
LF:121
LH:121
BRDA:1,0,0,44
BRDA:37,1,0,1
BRDA:47,2,0,16
BRDA:60,3,0,15
BRDA:83,4,0,24
BRDA:104,5,0,9
BRF:6
BRH:6
end_of_record
TN:
SF:src/app/analyze.js
FN:26,analyzeApp
FNF:1
FNH:1
FNDA:31,analyzeApp
DA:1,45
DA:2,45
DA:3,45
DA:4,45
DA:5,45
DA:6,45
DA:7,45
DA:8,45
DA:9,45
DA:10,45
DA:11,45
DA:12,45
DA:13,45
DA:14,45
DA:15,45
DA:16,45
DA:17,45
DA:18,45
DA:19,45
DA:20,45
DA:21,45
DA:22,45
DA:23,45
DA:24,45
DA:25,45
DA:26,45
DA:27,31
DA:28,31
DA:29,31
DA:30,31
DA:31,31
DA:32,31
DA:33,31
DA:34,31
DA:35,31
DA:36,30
DA:37,5
DA:38,5
DA:39,5
DA:40,5
DA:41,26
DA:42,31
DA:43,1
DA:44,1
DA:45,25
DA:46,25
DA:47,25
DA:48,25
DA:49,25
DA:50,25
DA:51,25
DA:52,25
DA:53,25
DA:54,25
DA:55,26
DA:56,44
DA:57,44
DA:58,44
DA:59,44
DA:60,44
DA:61,44
DA:62,44
DA:63,25
DA:64,25
DA:65,25
DA:66,25
DA:67,25
DA:68,31
LF:68
LH:68
BRDA:1,0,0,45
BRDA:26,1,0,31
BRDA:28,2,0,24
BRDA:36,3,0,30
BRDA:36,4,0,26
BRDA:36,5,0,5
BRDA:41,6,0,26
BRDA:42,7,0,1
BRDA:45,8,0,26
BRDA:45,9,0,25
BRDA:55,10,0,44
BRDA:63,11,0,25
BRF:12
BRH:12
end_of_record
TN:
SF:src/app/convert.helpers.js
FN:20,collectTranslations
FN:32,maybeReport
FN:45,writeExcel
FN:70,readWorksheet
FN:85,readAllWorksheets
FN:102,handleDuplicates
FN:117,writeLanguages
FNF:7
FNH:6
FNDA:17,collectTranslations
FNDA:10,maybeReport
FNDA:7,writeExcel
FNDA:20,readWorksheet
FNDA:0,readAllWorksheets
FNDA:18,handleDuplicates
FNDA:8,writeLanguages
DA:1,45
DA:2,45
DA:3,45
DA:4,45
DA:5,45
DA:6,45
DA:7,45
DA:8,45
DA:9,45
DA:10,45
DA:11,45
DA:12,45
DA:13,45
DA:14,45
DA:15,45
DA:16,45
DA:17,45
DA:18,45
DA:19,45
DA:20,45
DA:21,17
DA:22,17
DA:23,45
DA:24,45
DA:25,45
DA:26,45
DA:27,45
DA:28,45
DA:29,45
DA:30,45
DA:31,45
DA:32,45
DA:33,10
DA:34,3
DA:35,3
DA:36,10
DA:37,45
DA:38,45
DA:39,45
DA:40,45
DA:41,45
DA:42,45
DA:43,45
DA:44,45
DA:45,45
DA:46,7
DA:47,7
DA:48,7
DA:49,7
DA:50,7
DA:51,7
DA:52,7
DA:53,7
DA:54,7
DA:55,7
DA:56,7
DA:57,7
DA:58,7
DA:59,7
DA:60,7
DA:61,45
DA:62,45
DA:63,45
DA:64,45
DA:65,45
DA:66,45
DA:67,45
DA:68,45
DA:69,45
DA:70,45
DA:71,20
DA:72,20
DA:73,20
DA:74,20
DA:75,19
DA:76,20
DA:77,45
DA:78,45
DA:79,45
DA:80,45
DA:81,45
DA:82,45
DA:83,45
DA:84,45
DA:85,45
DA:86,0
DA:87,0
DA:88,0
DA:89,0
DA:90,0
DA:91,0
DA:92,0
DA:93,0
DA:94,45
DA:95,45
DA:96,45
DA:97,45
DA:98,45
DA:99,45
DA:100,45
DA:101,45
DA:102,45
DA:103,18
DA:104,7
DA:105,7
DA:106,1
DA:107,18
DA:108,45
DA:109,45
DA:110,45
DA:111,45
DA:112,45
DA:113,45
DA:114,45
DA:115,45
DA:116,45
DA:117,45
DA:118,8
DA:119,8
DA:120,8
DA:121,8
DA:122,8
DA:123,8
DA:124,18
DA:125,18
DA:126,18
DA:127,18
DA:128,8
LF:128
LH:120
BRDA:1,0,0,45
BRDA:20,1,0,17
BRDA:32,2,0,10
BRDA:33,3,0,7
BRDA:34,4,0,3
BRDA:45,5,0,7
BRDA:70,6,0,20
BRDA:74,7,0,1
BRDA:75,8,0,19
BRDA:102,9,0,18
BRDA:103,10,0,17
BRDA:103,11,0,11
BRDA:104,12,0,7
BRDA:105,13,0,6
BRDA:106,14,0,1
BRDA:117,15,0,8
BRDA:123,16,0,18
BRF:17
BRH:17
end_of_record
TN:
SF:src/app/convert.js
FN:34,resolveReporter
FN:50,convertToExcelApp
FN:96,mergeAllSheets
FN:127,normalizeJsonOpts
FN:148,convertToJsonApp
FNF:5
FNH:4
FNDA:39,resolveReporter
FNDA:19,convertToExcelApp
FNDA:0,mergeAllSheets
FNDA:20,normalizeJsonOpts
FNDA:20,convertToJsonApp
DA:1,45
DA:2,45
DA:3,45
DA:4,45
DA:5,45
DA:6,45
DA:7,45
DA:8,45
DA:9,45
DA:10,45
DA:11,45
DA:12,45
DA:13,45
DA:14,45
DA:15,45
DA:16,45
DA:17,45
DA:18,45
DA:19,45
DA:20,45
DA:21,45
DA:22,45
DA:23,45
DA:24,45
DA:25,45
DA:26,45
DA:27,45
DA:28,45
DA:29,45
DA:30,45
DA:31,45
DA:32,45
DA:33,45
DA:34,39
DA:35,39
DA:36,39
DA:37,39
DA:38,45
DA:39,45
DA:40,45
DA:41,45
DA:42,45
DA:43,45
DA:44,45
DA:45,45
DA:46,45
DA:47,45
DA:48,45
DA:49,45
DA:50,45
DA:51,19
DA:52,19
DA:53,19
DA:54,19
DA:55,19
DA:56,19
DA:57,19
DA:58,19
DA:59,19
DA:60,19
DA:61,19
DA:62,19
DA:63,19
DA:64,19
DA:65,19
DA:66,18
DA:67,18
DA:68,1
DA:69,1
DA:70,17
DA:71,17
DA:72,17
DA:73,17
DA:74,17
DA:75,19
DA:76,19
DA:77,19
DA:78,10
DA:79,10
DA:80,10
DA:81,7
DA:82,7
DA:83,7
DA:84,7
DA:85,7
DA:86,7
DA:87,19
DA:88,45
DA:89,45
DA:90,45
DA:91,45
DA:92,45
DA:93,45
DA:94,45
DA:95,45
DA:96,0
DA:97,0
DA:98,0
DA:99,0
DA:100,0
DA:101,0
DA:102,0
DA:103,0
DA:104,0
DA:105,0
DA:106,0
DA:107,0
DA:108,0
DA:109,0
DA:110,0
DA:111,0
DA:112,0
DA:113,0
DA:114,0
DA:115,0
DA:116,0
DA:117,0
DA:118,0
DA:119,0
DA:120,0
DA:121,45
DA:122,45
DA:123,45
DA:124,45
DA:125,45
DA:126,45
DA:127,20
DA:128,20
DA:129,20
DA:130,20
DA:131,20
DA:132,20
DA:133,20
DA:134,20
DA:135,20
DA:136,45
DA:137,45
DA:138,45
DA:139,45
DA:140,45
DA:141,45
DA:142,45
DA:143,45
DA:144,45
DA:145,45
DA:146,45
DA:147,45
DA:148,45
DA:149,20
DA:150,20
DA:151,20
DA:152,20
DA:153,20
DA:154,20
DA:155,20
DA:156,20
DA:157,20
DA:158,20
DA:159,20
DA:160,19
DA:161,20
DA:162,20
DA:163,20
DA:164,20
DA:165,20
DA:166,8
DA:167,8
DA:168,8
DA:169,20
LF:169
LH:144
BRDA:1,0,0,45
BRDA:34,1,0,39
BRDA:35,2,0,38
BRDA:35,3,0,6
BRDA:36,4,0,33
BRDA:36,5,0,32
BRDA:36,6,0,2
BRDA:50,7,0,19
BRDA:66,8,0,18
BRDA:67,9,0,1
BRDA:70,10,0,17
BRDA:74,11,0,12
BRDA:75,12,0,5
BRDA:77,13,0,15
BRDA:77,14,0,10
BRDA:81,15,0,7
BRDA:127,16,0,20
BRDA:129,17,0,9
BRDA:130,18,0,11
BRDA:131,19,0,11
BRDA:132,20,0,7
BRDA:148,21,0,20
BRDA:157,22,0,0
BRDA:159,23,0,19
BRDA:165,24,0,8
BRF:25
BRH:24
end_of_record
TN:
SF:src/app/translate.js
FN:19,toTrimmedString
FN:28,collectHeaders
FN:45,matchHeader
FN:55,containsHeader
FN:66,resolveColumn
FN:96,findTargetColumns
FN:109,collectMissingForTarget
FN:133,applyTranslations
FN:152,deriveTargetLang
FN:168,prepareTargets
FN:198,translateTarget
FN:232,writeTranslatedWorkbook
FN:261,resolveProvider
FN:282,loadWorkbookWithFirstWorksheet
FN:320,translateApp
FNF:15
FNH:15
FNDA:44,toTrimmedString
FNDA:11,collectHeaders
FNDA:27,matchHeader
FNDA:4,containsHeader
FNDA:10,resolveColumn
FNDA:9,findTargetColumns
FNDA:8,collectMissingForTarget
FNDA:6,applyTranslations
FNDA:8,deriveTargetLang
FNDA:11,prepareTargets
FNDA:8,translateTarget
FNDA:7,writeTranslatedWorkbook
FNDA:19,resolveProvider
FNDA:18,loadWorkbookWithFirstWorksheet
FNDA:22,translateApp
DA:1,45
DA:2,45
DA:3,45
DA:4,45
DA:5,45
DA:6,45
DA:7,45
DA:8,45
DA:9,45
DA:10,45
DA:11,45
DA:12,45
DA:13,45
DA:14,45
DA:15,45
DA:16,45
DA:17,45
DA:18,45
DA:19,45
DA:20,45
DA:21,45
DA:22,45
DA:23,45
DA:24,45
DA:25,45
DA:26,45
DA:27,45
DA:28,45
DA:29,11
DA:30,11
DA:31,11
DA:32,28
DA:33,28
DA:34,11
DA:35,11
DA:36,45
DA:37,45
DA:38,45
DA:39,45
DA:40,45
DA:41,45
DA:42,45
DA:43,45
DA:44,45
DA:45,45
DA:46,45
DA:47,45
DA:48,45
DA:49,45
DA:50,45
DA:51,45
DA:52,45
DA:53,45
DA:54,45
DA:55,45
DA:56,45
DA:57,45
DA:58,45
DA:59,45
DA:60,45
DA:61,45
DA:62,45
DA:63,45
DA:64,45
DA:65,45
DA:66,45
DA:67,10
DA:68,10
DA:69,10
DA:70,3
DA:71,8
DA:72,1
DA:73,1
DA:74,1
DA:75,1
DA:76,1
DA:77,2
DA:78,2
DA:79,8
DA:80,1
DA:81,8
DA:82,0
DA:83,0
DA:84,0
DA:85,0
DA:86,0
DA:87,45
DA:88,45
DA:89,45
DA:90,45
DA:91,45
DA:92,45
DA:93,45
DA:94,45
DA:95,45
DA:96,45
DA:97,9
DA:98,9
DA:99,45
DA:100,45
DA:101,45
DA:102,45
DA:103,45
DA:104,45
DA:105,45
DA:106,45
DA:107,45
DA:108,45
DA:109,45
DA:110,8
DA:111,8
DA:112,10
DA:113,8
DA:114,8
DA:115,10
DA:116,10
DA:117,10
DA:118,7
DA:119,7
DA:120,8
DA:121,8
DA:122,45
DA:123,45
DA:124,45
DA:125,45
DA:126,45
DA:127,45
DA:128,45
DA:129,45
DA:130,45
DA:131,45
DA:132,45
DA:133,45
DA:134,6
DA:135,6
DA:136,6
DA:137,6
DA:138,6
DA:139,6
DA:140,6
DA:141,6
DA:142,6
DA:143,45
DA:144,45
DA:145,45
DA:146,45
DA:147,45
DA:148,45
DA:149,45
DA:150,45
DA:151,45
DA:152,45
DA:153,8
DA:154,8
DA:155,8
DA:156,8
DA:157,45
DA:158,45
DA:159,45
DA:160,45
DA:161,45
DA:162,45
DA:163,45
DA:164,45
DA:165,45
DA:166,45
DA:167,45
DA:168,45
DA:169,11
DA:170,11
DA:171,1
DA:172,1
DA:173,10
DA:174,10
DA:175,10
DA:176,10
DA:177,11
DA:178,1
DA:179,1
DA:180,1
DA:181,1
DA:182,9
DA:183,9
DA:184,9
DA:185,45
DA:186,45
DA:187,45
DA:188,45
DA:189,45
DA:190,45
DA:191,45
DA:192,45
DA:193,45
DA:194,45
DA:195,45
DA:196,45
DA:197,45
DA:198,45
DA:199,8
DA:200,8
DA:201,8
DA:202,8
DA:203,8
DA:204,8
DA:205,8
DA:206,8
DA:207,8
DA:208,8
DA:209,8
DA:210,8
DA:211,8
DA:212,7
DA:213,7
DA:214,7
DA:215,7
DA:216,7
DA:217,7
DA:218,7
DA:219,6
DA:220,6
DA:221,45
DA:222,45
DA:223,45
DA:224,45
DA:225,45
DA:226,45
DA:227,45
DA:228,45
DA:229,45
DA:230,45
DA:231,45
DA:232,7
DA:233,7
DA:234,7
DA:235,7
DA:236,7
DA:237,7
DA:238,7
DA:239,7
DA:240,1
DA:241,1
DA:242,1
DA:243,6
DA:244,6
DA:245,7
DA:246,3
DA:247,3
DA:248,3
DA:249,6
DA:250,6
DA:251,7
DA:252,45
DA:253,45
DA:254,45
DA:255,45
DA:256,45
DA:257,45
DA:258,45
DA:259,45
DA:260,45
DA:261,19
DA:262,19
DA:263,14
DA:264,14
DA:265,5
DA:266,11
DA:267,1
DA:268,1
DA:269,1
DA:270,1
DA:271,4
DA:272,4
DA:273,19
DA:274,45
DA:275,45
DA:276,45
DA:277,45
DA:278,45
DA:279,45
DA:280,45
DA:281,45
DA:282,18
DA:283,18
DA:284,18
DA:285,12
DA:286,12
DA:287,14
DA:288,1
DA:289,1
DA:290,11
DA:291,11
DA:292,18
DA:293,45
DA:294,45
DA:295,45
DA:296,45
DA:297,45
DA:298,45
DA:299,45
DA:300,45
DA:301,45
DA:302,45
DA:303,45
DA:304,45
DA:305,45
DA:306,45
DA:307,45
DA:308,45
DA:309,45
DA:310,45
DA:311,45
DA:312,45
DA:313,45
DA:314,45
DA:315,45
DA:316,45
DA:317,45
DA:318,45
DA:319,45
DA:320,45
DA:321,22
DA:322,22
DA:323,22
DA:324,22
DA:325,22
DA:326,22
DA:327,22
DA:328,22
DA:329,22
DA:330,22
DA:331,22
DA:332,11
DA:333,11
DA:334,11
DA:335,11
DA:336,11
DA:337,11
DA:338,11
DA:339,17
DA:340,1
DA:341,1
DA:342,1
DA:343,8
DA:344,8
DA:345,8
DA:346,8
DA:347,8
DA:348,8
DA:349,8
DA:350,8
DA:351,8
DA:352,7
DA:353,7
DA:354,7
DA:355,22
LF:355
LH:350
BRDA:1,0,0,45
BRDA:19,1,0,44
BRDA:20,2,0,1
BRDA:20,3,0,43
BRDA:28,4,0,11
BRDA:31,5,0,28
BRDA:45,6,0,27
BRDA:55,7,0,4
BRDA:66,8,0,10
BRDA:69,9,0,7
BRDA:70,10,0,8
BRDA:70,11,0,3
BRDA:71,12,0,1
BRDA:77,13,0,2
BRDA:79,14,0,1
BRDA:81,15,0,0
BRDA:68,16,0,22
BRDA:72,17,0,2
BRDA:78,18,0,4
BRDA:96,19,0,9
BRDA:98,20,0,26
BRDA:98,21,0,17
BRDA:109,22,0,8
BRDA:111,23,0,10
BRDA:112,24,0,8
BRDA:112,25,0,2
BRDA:116,26,0,8
BRDA:117,27,0,8
BRDA:117,28,0,7
BRDA:133,29,0,6
BRDA:137,30,0,0
BRDA:152,31,0,8
BRDA:156,32,0,1
BRDA:156,33,0,7
BRDA:153,34,0,3
BRDA:168,35,0,11
BRDA:170,36,0,1
BRDA:173,37,0,10
BRDA:177,38,0,1
BRDA:182,39,0,9
BRDA:174,40,0,28
BRDA:198,41,0,8
BRDA:211,42,0,1
BRDA:212,43,0,7
BRDA:219,44,0,6
BRDA:213,45,0,7
BRDA:232,46,0,7
BRDA:239,47,0,1
BRDA:243,48,0,6
BRDA:245,49,0,3
BRDA:249,50,0,6
BRDA:261,51,0,19
BRDA:262,52,0,14
BRDA:265,53,0,11
BRDA:265,54,0,5
BRDA:266,55,0,1
BRDA:271,56,0,4
BRDA:282,57,0,18
BRDA:285,58,0,14
BRDA:285,59,0,12
BRDA:287,60,0,1
BRDA:290,61,0,11
BRDA:320,62,0,22
BRDA:327,63,0,10
BRDA:332,64,0,17
BRDA:332,65,0,11
BRDA:339,66,0,1
BRDA:343,67,0,8
BRDA:352,68,0,7
BRF:69
BRH:67
end_of_record
TN:
SF:src/cli/configLoader.js
FN:17,toCanonicalPath
FN:36,assertWithinCwd
FN:61,loadConfigOptions
FNF:3
FNH:3
FNDA:5,toCanonicalPath
FNDA:5,assertWithinCwd
FNDA:33,loadConfigOptions
DA:1,32
DA:2,32
DA:3,32
DA:4,32
DA:5,32
DA:6,32
DA:7,32
DA:8,32
DA:9,32
DA:10,32
DA:11,32
DA:12,32
DA:13,32
DA:14,32
DA:15,32
DA:16,32
DA:17,5
DA:18,5
DA:19,5
DA:20,5
DA:21,1
DA:22,1
DA:23,1
DA:24,5
DA:25,32
DA:26,32
DA:27,32
DA:28,32
DA:29,32
DA:30,32
DA:31,32
DA:32,32
DA:33,32
DA:34,32
DA:35,32
DA:36,5
DA:37,5
DA:38,5
DA:39,5
DA:40,5
DA:41,5
DA:42,5
DA:43,5
DA:44,5
DA:45,2
DA:46,2
DA:47,2
DA:48,2
DA:49,3
DA:50,5
DA:51,32
DA:52,32
DA:53,32
DA:54,32
DA:55,32
DA:56,32
DA:57,32
DA:58,32
DA:59,32
DA:60,32
DA:61,32
DA:62,33
DA:63,5
DA:64,5
DA:65,5
DA:66,5
DA:67,5
DA:68,5
DA:69,5
DA:70,5
DA:71,5
DA:72,5
DA:73,33
DA:74,33
LF:74
LH:74
BRDA:1,0,0,32
BRDA:17,1,0,5
BRDA:20,2,0,1
BRDA:36,3,0,5
BRDA:43,4,0,3
BRDA:44,5,0,2
BRDA:49,6,0,3
BRDA:61,7,0,33
BRDA:62,8,0,30
BRDA:62,9,0,28
BRDA:63,10,0,5
BRDA:73,11,0,3
BRDA:73,12,0,0
BRF:13
BRH:12
end_of_record
TN:
SF:src/cli/configResolution.js
FN:15,getBaseDefaults
FN:25,getIncoming
FN:39,resolveLanguageMap
FN:52,ensureSheetName
FN:64,mergeCliOptions
FN:85,resolveI18nToExcelPaths
FN:99,resolveExcelToI18nPaths
FN:115,buildCommonOptions
FN:137,resolveFailOnDuplicates
FNF:9
FNH:9
FNDA:31,getBaseDefaults
FNDA:31,getIncoming
FNDA:31,resolveLanguageMap
FNDA:31,ensureSheetName
FNDA:31,mergeCliOptions
FNDA:13,resolveI18nToExcelPaths
FNDA:11,resolveExcelToI18nPaths
FNDA:23,buildCommonOptions
FNDA:4,resolveFailOnDuplicates
DA:1,34
DA:2,34
DA:3,34
DA:4,34
DA:5,34
DA:6,34
DA:7,34
DA:8,34
DA:9,34
DA:10,34
DA:11,34
DA:12,34
DA:13,34
DA:14,34
DA:15,31
DA:16,31
DA:17,31
DA:18,34
DA:19,34
DA:20,34
DA:21,34
DA:22,34
DA:23,34
DA:24,34
DA:25,31
DA:26,31
DA:27,31
DA:28,34
DA:29,34
DA:30,34
DA:31,34
DA:32,34
DA:33,34
DA:34,34
DA:35,34
DA:36,34
DA:37,34
DA:38,34
DA:39,31
DA:40,31
DA:41,31
DA:42,31
DA:43,31
DA:44,34
DA:45,34
DA:46,34
DA:47,34
DA:48,34
DA:49,34
DA:50,34
DA:51,34
DA:52,31
DA:53,31
DA:54,31
DA:55,34
DA:56,34
DA:57,34
DA:58,34
DA:59,34
DA:60,34
DA:61,34
DA:62,34
DA:63,34
DA:64,34
DA:65,31
DA:66,31
DA:67,31
DA:68,31
DA:69,31
DA:70,31
DA:71,31
DA:72,31
DA:73,31
DA:74,31
DA:75,31
DA:76,31
DA:77,31
DA:78,34
DA:79,34
DA:80,34
DA:81,34
DA:82,34
DA:83,34
DA:84,34
DA:85,34
DA:86,13
DA:87,13
DA:88,13
DA:89,13
DA:90,13
DA:91,13
DA:92,34
DA:93,34
DA:94,34
DA:95,34
DA:96,34
DA:97,34
DA:98,34
DA:99,34
DA:100,11
DA:101,11
DA:102,11
DA:103,11
DA:104,11
DA:105,11
DA:106,34
DA:107,34
DA:108,34
DA:109,34
DA:110,34
DA:111,34
DA:112,34
DA:113,34
DA:114,34
DA:115,34
DA:116,23
DA:117,23
DA:118,23
DA:119,23
DA:120,23
DA:121,23
DA:122,23
DA:123,23
DA:124,23
DA:125,23
DA:126,23
DA:127,23
DA:128,23
DA:129,34
DA:130,34
DA:131,34
DA:132,34
DA:133,34
DA:134,34
DA:135,34
DA:136,34
DA:137,34
DA:138,4
DA:139,4
DA:140,3
DA:141,4
DA:142,4
LF:142
LH:142
BRDA:1,0,0,34
BRDA:15,1,0,31
BRDA:16,2,0,28
BRDA:16,3,0,4
BRDA:25,4,0,31
BRDA:26,5,0,0
BRDA:39,6,0,31
BRDA:41,7,0,28
BRDA:41,8,0,24
BRDA:52,9,0,31
BRDA:53,10,0,1
BRDA:53,11,0,1
BRDA:64,12,0,31
BRDA:74,13,0,26
BRDA:85,14,0,13
BRDA:87,15,0,6
BRDA:87,16,0,2
BRDA:87,17,0,1
BRDA:89,18,0,6
BRDA:89,19,0,2
BRDA:89,20,0,1
BRDA:99,21,0,11
BRDA:101,22,0,3
BRDA:101,23,0,2
BRDA:101,24,0,1
BRDA:103,25,0,3
BRDA:103,26,0,2
BRDA:103,27,0,1
BRDA:115,28,0,23
BRDA:122,29,0,2
BRDA:122,30,0,1
BRDA:123,31,0,10
BRDA:123,32,0,6
BRDA:125,33,0,14
BRDA:126,34,0,10
BRDA:137,35,0,4
BRDA:139,36,0,3
BRDA:140,37,0,2
BRF:38
BRH:37
end_of_record
TN:
SF:src/cli/constants.js
FNF:0
FNH:0
DA:1,38
DA:2,38
DA:3,38
DA:4,38
DA:5,38
DA:6,38
DA:7,38
DA:8,38
DA:9,38
DA:10,38
DA:11,38
DA:12,38
DA:13,38
DA:14,38
DA:15,38
DA:16,38
DA:17,38
DA:18,38
DA:19,38
DA:20,38
DA:21,38
DA:22,38
DA:23,38
DA:24,38
DA:25,38
DA:26,38
DA:27,38
DA:28,38
DA:29,38
DA:30,38
DA:31,38
DA:32,38
DA:33,38
DA:34,38
DA:35,38
DA:36,38
DA:37,38
DA:38,38
DA:39,38
DA:40,38
DA:41,38
DA:42,38
DA:43,38
DA:44,38
DA:45,38
DA:46,38
DA:47,38
DA:48,38
DA:49,38
DA:50,38
DA:51,38
DA:52,38
DA:53,38
DA:54,38
DA:55,38
DA:56,38
DA:57,38
DA:58,38
DA:59,38
DA:60,38
DA:61,38
DA:62,38
DA:63,38
DA:64,38
DA:65,38
DA:66,38
DA:67,38
DA:68,38
DA:69,38
DA:70,38
DA:71,38
DA:72,38
DA:73,38
DA:74,38
DA:75,38
DA:76,38
DA:77,38
DA:78,38
DA:79,38
DA:80,38
DA:81,38
DA:82,38
DA:83,38
DA:84,38
DA:85,38
DA:86,38
DA:87,38
DA:88,38
DA:89,38
DA:90,38
DA:91,38
DA:92,38
DA:93,38
DA:94,38
DA:95,38
DA:96,38
DA:97,38
DA:98,38
DA:99,38
DA:100,38
DA:101,38
DA:102,38
DA:103,38
DA:104,38
DA:105,38
DA:106,38
DA:107,38
DA:108,38
DA:109,38
DA:110,38
DA:111,38
DA:112,38
DA:113,38
DA:114,38
DA:115,38
DA:116,38
DA:117,38
DA:118,38
DA:119,38
DA:120,38
DA:121,38
DA:122,38
DA:123,38
DA:124,38
DA:125,38
DA:126,38
DA:127,38
DA:128,38
DA:129,38
DA:130,38
DA:131,38
DA:132,38
DA:133,38
DA:134,38
DA:135,38
DA:136,38
DA:137,38
DA:138,38
DA:139,38
DA:140,38
DA:141,38
DA:142,38
DA:143,38
DA:144,38
DA:145,38
DA:146,38
DA:147,38
DA:148,38
DA:149,38
DA:150,38
DA:151,38
DA:152,38
DA:153,38
DA:154,38
DA:155,38
DA:156,38
DA:157,38
DA:158,38
DA:159,38
DA:160,38
DA:161,38
DA:162,38
DA:163,38
DA:164,38
DA:165,38
DA:166,38
DA:167,38
DA:168,38
DA:169,38
DA:170,38
DA:171,38
DA:172,38
DA:173,38
DA:174,38
DA:175,38
DA:176,38
DA:177,38
DA:178,38
DA:179,38
DA:180,38
DA:181,38
DA:182,38
DA:183,38
DA:184,38
DA:185,38
DA:186,38
DA:187,38
DA:188,38
DA:189,38
DA:190,38
DA:191,38
DA:192,38
DA:193,38
DA:194,38
DA:195,38
DA:196,38
DA:197,38
DA:198,38
DA:199,38
DA:200,38
DA:201,38
DA:202,38
DA:203,38
DA:204,38
DA:205,38
DA:206,38
DA:207,38
DA:208,38
DA:209,38
DA:210,38
DA:211,38
DA:212,38
DA:213,38
DA:214,38
DA:215,38
DA:216,38
DA:217,38
DA:218,38
LF:218
LH:218
BRDA:1,0,0,38
BRF:1
BRH:1
end_of_record
TN:
SF:src/cli/entryHelpers.js
FN:17,loadAndValidateConfig
FN:34,tryLoadLocalConfig
FN:70,isExecutedDirectly
FNF:3
FNH:3
FNDA:30,loadAndValidateConfig
FNDA:29,tryLoadLocalConfig
FNDA:30,isExecutedDirectly
DA:1,28
DA:2,28
DA:3,28
DA:4,28
DA:5,28
DA:6,28
DA:7,28
DA:8,28
DA:9,28
DA:10,28
DA:11,28
DA:12,28
DA:13,28
DA:14,28
DA:15,28
DA:16,28
DA:17,28
DA:18,30
DA:19,30
DA:20,30
DA:21,30
DA:22,28
DA:23,28
DA:24,28
DA:25,28
DA:26,28
DA:27,28
DA:28,28
DA:29,28
DA:30,28
DA:31,28
DA:32,28
DA:33,28
DA:34,28
DA:35,29
DA:36,29
DA:37,29
DA:38,29
DA:39,29
DA:40,29
DA:41,29
DA:42,29
DA:43,26
DA:44,26
DA:45,29
DA:46,1
DA:47,1
DA:48,4
DA:49,4
DA:50,4
DA:51,4
DA:52,4
DA:53,4
DA:54,4
DA:55,29
DA:56,1
DA:57,1
DA:58,29
DA:59,29
DA:60,29
DA:61,29
DA:62,28
DA:63,28
DA:64,28
DA:65,28
DA:66,28
DA:67,28
DA:68,28
DA:69,28
DA:70,28
DA:71,30
DA:72,30
DA:73,30
DA:74,28
DA:75,28
DA:76,28
DA:77,28
DA:78,29
DA:79,1
DA:80,1
DA:81,1
DA:82,30
LF:82
LH:82
BRDA:1,0,0,28
BRDA:17,1,0,30
BRDA:34,2,0,29
BRDA:42,3,0,26
BRDA:45,4,0,4
BRDA:45,5,0,1
BRDA:55,6,0,1
BRDA:70,7,0,30
BRDA:73,8,0,2
BRDA:74,9,0,29
BRDA:74,10,0,28
BRDA:78,11,0,1
BRDA:80,12,0,0
BRF:13
BRH:12
end_of_record
TN:
SF:src/cli/helpers.js
FN:25,detectI18nPresence
FN:42,parseLanguagesArg
FN:135,buildStarterContentFor
FN:154,writeInitFiles
FN:204,computeIsDryRun
FNF:5
FNH:5
FNDA:10,detectI18nPresence
FNDA:7,parseLanguagesArg
FNDA:17,buildStarterContentFor
FNDA:9,writeInitFiles
FNDA:38,computeIsDryRun
DA:1,33
DA:2,33
DA:3,33
DA:4,33
DA:5,33
DA:6,33
DA:7,33
DA:8,33
DA:9,33
DA:10,33
DA:11,33
DA:12,33
DA:13,33
DA:14,33
DA:15,33
DA:16,33
DA:17,33
DA:18,33
DA:19,33
DA:20,33
DA:21,33
DA:22,33
DA:23,33
DA:24,33
DA:25,33
DA:26,10
DA:27,10
DA:28,10
DA:29,10
DA:30,8
DA:31,8
DA:32,10
DA:33,2
DA:34,2
DA:35,10
DA:36,33
DA:37,33
DA:38,33
DA:39,33
DA:40,33
DA:41,33
DA:42,33
DA:43,7
DA:44,5
DA:45,5
DA:46,5
DA:47,5
DA:48,5
DA:49,5
DA:50,5
DA:51,5
DA:52,7
DA:53,33
DA:54,33
DA:55,33
DA:56,33
DA:57,33
DA:58,33
DA:59,33
DA:60,33
DA:61,33
DA:62,33
DA:63,33
DA:64,33
DA:65,33
DA:66,33
DA:67,33
DA:68,33
DA:69,33
DA:70,33
DA:71,33
DA:72,33
DA:73,33
DA:74,33
DA:75,33
DA:76,33
DA:77,33
DA:78,33
DA:79,33
DA:80,33
DA:81,33
DA:82,33
DA:83,33
DA:84,33
DA:85,33
DA:86,33
DA:87,33
DA:88,33
DA:89,33
DA:90,33
DA:91,33
DA:92,33
DA:93,33
DA:94,33
DA:95,33
DA:96,33
DA:97,33
DA:98,33
DA:99,33
DA:100,33
DA:101,33
DA:102,33
DA:103,33
DA:104,33
DA:105,33
DA:106,33
DA:107,33
DA:108,33
DA:109,33
DA:110,33
DA:111,33
DA:112,33
DA:113,33
DA:114,33
DA:115,33
DA:116,33
DA:117,33
DA:118,33
DA:119,33
DA:120,33
DA:121,33
DA:122,33
DA:123,33
DA:124,33
DA:125,33
DA:126,33
DA:127,33
DA:128,33
DA:129,33
DA:130,33
DA:131,33
DA:132,33
DA:133,33
DA:134,33
DA:135,33
DA:136,17
DA:137,17
DA:138,2
DA:139,2
DA:140,2
DA:141,2
DA:142,2
DA:143,17
DA:144,17
DA:145,33
DA:146,33
DA:147,33
DA:148,33
DA:149,33
DA:150,33
DA:151,33
DA:152,33
DA:153,33
DA:154,33
DA:155,9
DA:156,9
DA:157,9
DA:158,9
DA:159,9
DA:160,9
DA:161,9
DA:162,9
DA:163,9
DA:164,9
DA:165,6
DA:166,6
DA:167,9
DA:168,9
DA:169,17
DA:170,17
DA:171,17
DA:172,17
DA:173,2
DA:174,16
DA:175,15
DA:176,15
DA:177,17
DA:178,2
DA:179,2
DA:180,2
DA:181,2
DA:182,17
DA:183,17
DA:184,6
DA:185,17
DA:186,9
DA:187,9
DA:188,9
DA:189,15
DA:190,15
DA:191,9
DA:192,9
DA:193,33
DA:194,33
DA:195,33
DA:196,33
DA:197,33
DA:198,33
DA:199,33
DA:200,33
DA:201,33
DA:202,33
DA:203,33
DA:204,33
DA:205,38
DA:206,38
DA:207,23
DA:208,38
DA:209,38
LF:209
LH:209
BRDA:1,0,0,33
BRDA:25,1,0,10
BRDA:30,2,0,8
BRDA:32,3,0,2
BRDA:30,4,0,9
BRDA:42,5,0,7
BRDA:43,6,0,2
BRDA:44,7,0,5
BRDA:48,8,0,10
BRDA:49,9,0,10
BRDA:135,10,0,17
BRDA:137,11,0,2
BRDA:154,12,0,9
BRDA:164,13,0,6
BRDA:167,14,0,7
BRDA:167,15,0,2
BRDA:168,16,0,17
BRDA:173,17,0,16
BRDA:173,18,0,2
BRDA:174,19,0,15
BRDA:177,20,0,16
BRDA:177,21,0,2
BRDA:182,22,0,15
BRDA:182,23,0,13
BRDA:183,24,0,6
BRDA:185,25,0,15
BRDA:185,26,0,9
BRDA:204,27,0,38
BRDA:206,28,0,23
BRF:29
BRH:29
end_of_record
TN:
SF:src/cli/init.js
FN:26,buildLanguageChoices
FN:49,promptForLanguages
FN:57,validate
FN:73,runInitCommand
FNF:4
FNH:3
FNDA:5,buildLanguageChoices
FNDA:2,promptForLanguages
FNDA:0,validate
FNDA:7,runInitCommand
DA:1,33
DA:2,33
DA:3,33
DA:4,33
DA:5,33
DA:6,33
DA:7,33
DA:8,33
DA:9,33
DA:10,33
DA:11,33
DA:12,33
DA:13,33
DA:14,33
DA:15,33
DA:16,33
DA:17,33
DA:18,33
DA:19,33
DA:20,33
DA:21,33
DA:22,33
DA:23,33
DA:24,33
DA:25,33
DA:26,33
DA:27,5
DA:28,5
DA:29,5
DA:30,5
DA:31,5
DA:32,5
DA:33,5
DA:34,5
DA:35,5
DA:36,5
DA:37,10
DA:38,10
DA:39,10
DA:40,5
DA:41,5
DA:42,5
DA:43,33
DA:44,33
DA:45,33
DA:46,33
DA:47,33
DA:48,33
DA:49,33
DA:50,2
DA:51,2
DA:52,2
DA:53,2
DA:54,2
DA:55,2
DA:56,2
DA:57,2
DA:58,2
DA:59,2
DA:60,2
DA:61,2
DA:62,2
DA:63,33
DA:64,33
DA:65,33
DA:66,33
DA:67,33
DA:68,33
DA:69,33
DA:70,33
DA:71,33
DA:72,33
DA:73,33
DA:74,7
DA:75,7
DA:76,7
DA:77,7
DA:78,7
DA:79,7
DA:80,7
DA:81,7
DA:82,7
DA:83,0
DA:84,0
DA:85,7
DA:86,7
DA:87,7
DA:88,7
DA:89,7
DA:90,7
DA:91,2
DA:92,2
DA:93,2
DA:94,7
DA:95,7
DA:96,7
DA:97,7
DA:98,7
DA:99,0
DA:100,0
DA:101,0
DA:102,7
DA:103,7
DA:104,7
DA:105,7
DA:106,7
DA:107,7
DA:108,7
DA:109,7
DA:110,7
DA:111,7
DA:112,7
DA:113,7
DA:114,7
DA:115,7
DA:116,3
DA:117,3
DA:118,7
DA:119,7
DA:120,0
DA:121,0
DA:122,0
DA:123,7
LF:123
LH:115
BRDA:1,0,0,33
BRDA:26,1,0,5
BRDA:27,2,0,4
BRDA:27,3,0,3
BRDA:31,4,0,1
BRDA:31,5,0,4
BRDA:33,6,0,10
BRDA:36,7,0,10
BRDA:49,8,0,2
BRDA:73,9,0,7
BRDA:88,10,0,0
BRDA:88,11,0,0
BRDA:90,12,0,2
BRDA:98,13,0,0
BRDA:115,14,0,3
BRDA:119,15,0,0
BRDA:80,16,0,7
BRDA:81,17,0,0
BRDA:82,18,0,0
BRF:19
BRH:13
end_of_record
TN:
SF:src/cli/interactive.js
FN:33,validateNonEmpty
FN:44,checkAndRunInit
FN:87,dispatchMenuAction
FN:123,showMainMenu
FN:173,handleAnalyze
FN:201,handleTranslate
FN:254,handleToExcel
FN:299,handleToJson
FN:345,askForAnotherAction
FNF:9
FNH:8
FNDA:0,validateNonEmpty
FNDA:10,checkAndRunInit
FNDA:8,dispatchMenuAction
FNDA:9,showMainMenu
FNDA:1,handleAnalyze
FNDA:1,handleTranslate
FNDA:3,handleToExcel
FNDA:2,handleToJson
FNDA:10,askForAnotherAction
DA:1,29
DA:2,29
DA:3,29
DA:4,29
DA:5,29
DA:6,29
DA:7,29
DA:8,29
DA:9,29
DA:10,29
DA:11,29
DA:12,29
DA:13,29
DA:14,29
DA:15,29
DA:16,29
DA:17,29
DA:18,29
DA:19,29
DA:20,29
DA:21,29
DA:22,29
DA:23,29
DA:24,29
DA:25,29
DA:26,29
DA:27,29
DA:28,29
DA:29,29
DA:30,29
DA:31,29
DA:32,29
DA:33,29
DA:34,0
DA:35,0
DA:36,29
DA:37,29
DA:38,29
DA:39,29
DA:40,29
DA:41,29
DA:42,29
DA:43,29
DA:44,10
DA:45,10
DA:46,10
DA:47,8
DA:48,8
DA:49,2
DA:50,2
DA:51,2
DA:52,2
DA:53,2
DA:54,2
DA:55,2
DA:56,2
DA:57,2
DA:58,2
DA:59,2
DA:60,2
DA:61,10
DA:62,1
DA:63,1
DA:64,1
DA:65,1
DA:66,1
DA:67,1
DA:68,1
DA:69,1
DA:70,1
DA:71,1
DA:72,1
DA:73,1
DA:74,1
DA:75,1
DA:76,1
DA:77,1
DA:78,10
DA:79,29
DA:80,29
DA:81,29
DA:82,29
DA:83,29
DA:84,29
DA:85,29
DA:86,29
DA:87,8
DA:88,8
DA:89,8
DA:90,2
DA:91,1
DA:92,1
DA:93,8
DA:94,1
DA:95,1
DA:96,1
DA:97,8
DA:98,1
DA:99,1
DA:100,1
DA:101,8
DA:102,1
DA:103,0
DA:104,0
DA:105,8
DA:106,1
DA:107,1
DA:108,1
DA:109,1
DA:110,1
DA:111,1
DA:112,1
DA:113,8
DA:114,8
DA:115,29
DA:116,29
DA:117,29
DA:118,29
DA:119,29
DA:120,29
DA:121,29
DA:122,29
DA:123,29
DA:124,9
DA:125,10
DA:126,10
DA:127,1
DA:128,1
DA:129,9
DA:130,9
DA:131,9
DA:132,9
DA:133,9
DA:134,9
DA:135,9
DA:136,9
DA:137,9
DA:138,9
DA:139,9
DA:140,9
DA:141,9
DA:142,9
DA:143,9
DA:144,9
DA:145,9
DA:146,10
DA:147,1
DA:148,1
DA:149,1
DA:150,8
DA:151,8
DA:152,8
DA:153,10
DA:154,2
DA:155,2
DA:156,2
DA:157,2
DA:158,8
DA:159,8
DA:160,8
DA:161,8
DA:162,8
DA:163,8
DA:164,10
DA:165,10
DA:166,9
DA:167,29
DA:168,29
DA:169,29
DA:170,29
DA:171,29
DA:172,29
DA:173,29
DA:174,1
DA:175,1
DA:176,1
DA:177,1
DA:178,1
DA:179,1
DA:180,1
DA:181,1
DA:182,1
DA:183,1
DA:184,1
DA:185,1
DA:186,1
DA:187,1
DA:188,1
DA:189,1
DA:190,1
DA:191,1
DA:192,1
DA:193,29
DA:194,29
DA:195,29
DA:196,29
DA:197,29
DA:198,29
DA:199,29
DA:200,29
DA:201,1
DA:202,1
DA:203,1
DA:204,1
DA:205,1
DA:206,1
DA:207,1
DA:208,1
DA:209,1
DA:210,1
DA:211,1
DA:212,1
DA:213,1
DA:214,1
DA:215,1
DA:216,1
DA:217,1
DA:218,1
DA:219,1
DA:220,1
DA:221,1
DA:222,1
DA:223,1
DA:224,1
DA:225,1
DA:226,1
DA:227,1
DA:228,1
DA:229,1
DA:230,1
DA:231,1
DA:232,1
DA:233,1
DA:234,1
DA:235,1
DA:236,1
DA:237,1
DA:238,1
DA:239,1
DA:240,1
DA:241,1
DA:242,1
DA:243,1
DA:244,1
DA:245,1
DA:246,1
DA:247,29
DA:248,29
DA:249,29
DA:250,29
DA:251,29
DA:252,29
DA:253,29
DA:254,29
DA:255,3
DA:256,3
DA:257,3
DA:258,3
DA:259,3
DA:260,3
DA:261,3
DA:262,3
DA:263,3
DA:264,3
DA:265,3
DA:266,3
DA:267,3
DA:268,3
DA:269,3
DA:270,3
DA:271,3
DA:272,3
DA:273,3
DA:274,3
DA:275,3
DA:276,3
DA:277,3
DA:278,3
DA:279,3
DA:280,3
DA:281,3
DA:282,3
DA:283,3
DA:284,2
DA:285,2
DA:286,2
DA:287,2
DA:288,2
DA:289,2
DA:290,2
DA:291,3
DA:292,29
DA:293,29
DA:294,29
DA:295,29
DA:296,29
DA:297,29
DA:298,29
DA:299,29
DA:300,2
DA:301,2
DA:302,2
DA:303,2
DA:304,2
DA:305,2
DA:306,2
DA:307,2
DA:308,2
DA:309,2
DA:310,2
DA:311,2
DA:312,2
DA:313,2
DA:314,2
DA:315,2
DA:316,2
DA:317,2
DA:318,2
DA:319,2
DA:320,2
DA:321,2
DA:322,2
DA:323,2
DA:324,2
DA:325,2
DA:326,2
DA:327,2
DA:328,2
DA:329,2
DA:330,2
DA:331,2
DA:332,2
DA:333,2
DA:334,2
DA:335,2
DA:336,2
DA:337,2
DA:338,29
DA:339,29
DA:340,29
DA:341,29
DA:342,29
DA:343,29
DA:344,29
DA:345,29
DA:346,10
DA:347,10
DA:348,10
DA:349,10
DA:350,10
DA:351,10
DA:352,10
DA:353,10
DA:354,10
DA:355,10
DA:356,10
LF:356
LH:352
BRDA:1,0,0,29
BRDA:44,1,0,10
BRDA:46,2,0,8
BRDA:46,3,0,8
BRDA:49,4,0,2
BRDA:61,5,0,1
BRDA:67,6,0,0
BRDA:87,7,0,8
BRDA:89,8,0,2
BRDA:91,9,0,1
BRDA:93,10,0,1
BRDA:97,11,0,1
BRDA:101,12,0,1
BRDA:103,13,0,0
BRDA:105,14,0,1
BRDA:123,15,0,9
BRDA:124,16,0,10
BRDA:126,17,0,1
BRDA:129,18,0,9
BRDA:146,19,0,1
BRDA:150,20,0,8
BRDA:153,21,0,6
BRDA:153,22,0,2
BRDA:158,23,0,8
BRDA:173,24,0,1
BRDA:201,25,0,1
BRDA:242,26,0,0
BRDA:244,27,0,0
BRDA:246,28,0,0
BRDA:254,29,0,3
BRDA:284,30,0,2
BRDA:299,31,0,2
BRDA:345,32,0,10
BRF:33
BRH:28
end_of_record
TN:
SF:src/cli/logging.js
FN:20,isMachineFormat
FN:33,out
FN:50,shouldSkipInfo
FN:62,logConvertI18nToExcel
FN:82,logConvertExcelToI18n
FN:100,logDryRunSingle
FN:111,logDryRunPlural
FN:123,logConversionCompleted
FN:136,logError
FNF:9
FNH:9
FNDA:53,isMachineFormat
FNDA:53,out
FNDA:38,shouldSkipInfo
FNDA:12,logConvertI18nToExcel
FNDA:9,logConvertExcelToI18n
FNDA:9,logDryRunSingle
FNDA:4,logDryRunPlural
FNDA:4,logConversionCompleted
FNDA:17,logError
DA:1,37
DA:2,37
DA:3,37
DA:4,37
DA:5,37
DA:6,37
DA:7,37
DA:8,37
DA:9,37
DA:10,37
DA:11,37
DA:12,37
DA:13,37
DA:14,37
DA:15,37
DA:16,37
DA:17,37
DA:18,37
DA:19,37
DA:20,53
DA:21,53
DA:22,53
DA:23,37
DA:24,37
DA:25,37
DA:26,37
DA:27,37
DA:28,37
DA:29,37
DA:30,37
DA:31,37
DA:32,37
DA:33,53
DA:34,53
DA:35,53
DA:36,53
DA:37,53
DA:38,53
DA:39,53
DA:40,53
DA:41,53
DA:42,53
DA:43,37
DA:44,37
DA:45,37
DA:46,37
DA:47,37
DA:48,37
DA:49,37
DA:50,38
DA:51,38
DA:52,38
DA:53,37
DA:54,37
DA:55,37
DA:56,37
DA:57,37
DA:58,37
DA:59,37
DA:60,37
DA:61,37
DA:62,37
DA:63,12
DA:64,12
DA:65,12
DA:66,12
DA:67,12
DA:68,12
DA:69,11
DA:70,11
DA:71,11
DA:72,12
DA:73,37
DA:74,37
DA:75,37
DA:76,37
DA:77,37
DA:78,37
DA:79,37
DA:80,37
DA:81,37
DA:82,37
DA:83,9
DA:84,9
DA:85,9
DA:86,9
DA:87,9
DA:88,9
DA:89,9
DA:90,9
DA:91,9
DA:92,9
DA:93,37
DA:94,37
DA:95,37
DA:96,37
DA:97,37
DA:98,37
DA:99,37
DA:100,37
DA:101,9
DA:102,8
DA:103,9
DA:104,37
DA:105,37
DA:106,37
DA:107,37
DA:108,37
DA:109,37
DA:110,37
DA:111,37
DA:112,4
DA:113,4
DA:114,4
DA:115,37
DA:116,37
DA:117,37
DA:118,37
DA:119,37
DA:120,37
DA:121,37
DA:122,37
DA:123,37
DA:124,4
DA:125,4
DA:126,4
DA:127,4
DA:128,4
DA:129,37
DA:130,37
DA:131,37
DA:132,37
DA:133,37
DA:134,37
DA:135,37
DA:136,37
DA:137,17
DA:138,17
DA:139,17
DA:140,17
DA:141,17
DA:142,17
LF:142
LH:142
BRDA:1,0,0,37
BRDA:20,1,0,53
BRDA:21,2,0,36
BRDA:21,3,0,36
BRDA:33,4,0,53
BRDA:35,5,0,0
BRDA:36,6,0,51
BRDA:36,7,0,2
BRDA:39,8,0,51
BRDA:39,9,0,2
BRDA:40,10,0,51
BRDA:40,11,0,2
BRDA:50,12,0,38
BRDA:62,13,0,12
BRDA:68,14,0,1
BRDA:69,15,0,11
BRDA:82,16,0,9
BRDA:88,17,0,0
BRDA:100,18,0,9
BRDA:101,19,0,1
BRDA:102,20,0,8
BRDA:111,21,0,4
BRDA:112,22,0,0
BRDA:123,23,0,4
BRDA:124,24,0,0
BRDA:136,25,0,17
BRDA:140,26,0,0
BRF:27
BRH:22
end_of_record
TN:
SF:src/cli/runtime.js
FN:34,defaultRuntime
FN:36,exit
FN:50,silentRuntime
FN:56,exit
FN:61,log
FN:64,warn
FN:67,error
FNF:7
FNH:7
FNDA:55,defaultRuntime
FNDA:12,exit
FNDA:9,silentRuntime
FNDA:2,exit
FNDA:1,log
FNDA:1,warn
FNDA:2,error
DA:1,38
DA:2,38
DA:3,38
DA:4,38
DA:5,38
DA:6,38
DA:7,38
DA:8,38
DA:9,38
DA:10,38
DA:11,38
DA:12,38
DA:13,38
DA:14,38
DA:15,38
DA:16,38
DA:17,38
DA:18,38
DA:19,38
DA:20,38
DA:21,38
DA:22,38
DA:23,38
DA:24,38
DA:25,38
DA:26,38
DA:27,38
DA:28,38
DA:29,38
DA:30,38
DA:31,38
DA:32,38
DA:33,38
DA:34,38
DA:35,55
DA:36,55
DA:37,55
DA:38,55
DA:39,55
DA:40,55
DA:41,55
DA:42,55
DA:43,55
DA:44,55
DA:45,38
DA:46,38
DA:47,38
DA:48,38
DA:49,38
DA:50,38
DA:51,9
DA:52,9
DA:53,9
DA:54,9
DA:55,9
DA:56,9
DA:57,2
DA:58,2
DA:59,9
DA:60,9
DA:61,9
DA:62,1
DA:63,9
DA:64,9
DA:65,1
DA:66,9
DA:67,9
DA:68,2
DA:69,9
DA:70,9
DA:71,9
DA:72,9
DA:73,9
DA:74,9
LF:74
LH:74
BRDA:1,0,0,38
BRDA:34,1,0,55
BRDA:36,2,0,12
BRDA:50,3,0,9
BRDA:56,4,0,2
BRDA:61,5,0,1
BRDA:64,6,0,1
BRDA:67,7,0,2
BRF:8
BRH:8
end_of_record
TN:
SF:src/cli/commands/analyze.command.js
FN:22,parseMetadataKeys
FN:48,parsePatternList
FN:74,resolveCodePattern
FN:91,watchInfoLogger
FN:108,runAnalyze
FN:130,runAnalyzeWatch
FN:148,runWithCoalescing
FN:166,onFileEvent
FNF:8
FNH:8
FNDA:22,parseMetadataKeys
FNDA:26,parsePatternList
FNDA:26,resolveCodePattern
FNDA:4,watchInfoLogger
FNDA:23,runAnalyze
FNDA:4,runAnalyzeWatch
FNDA:4,runWithCoalescing
FNDA:12,onFileEvent
DA:1,36
DA:2,36
DA:3,36
DA:4,36
DA:5,36
DA:6,36
DA:7,36
DA:8,36
DA:9,36
DA:10,36
DA:11,36
DA:12,36
DA:13,36
DA:14,36
DA:15,36
DA:16,36
DA:17,36
DA:18,36
DA:19,36
DA:20,36
DA:21,36
DA:22,22
DA:23,22
DA:24,2
DA:25,2
DA:26,2
DA:27,2
DA:28,2
DA:29,20
DA:30,22
DA:31,19
DA:32,19
DA:33,1
DA:34,1
DA:35,1
DA:36,1
DA:37,1
DA:38,1
DA:39,22
DA:40,22
DA:41,36
DA:42,36
DA:43,36
DA:44,36
DA:45,36
DA:46,36
DA:47,36
DA:48,26
DA:49,26
DA:50,2
DA:51,2
DA:52,2
DA:53,2
DA:54,2
DA:55,24
DA:56,26
DA:57,23
DA:58,23
DA:59,1
DA:60,1
DA:61,1
DA:62,1
DA:63,1
DA:64,1
DA:65,26
DA:66,26
DA:67,36
DA:68,36
DA:69,36
DA:70,36
DA:71,36
DA:72,36
DA:73,36
DA:74,26
DA:75,26
DA:76,26
DA:77,2
DA:78,2
DA:79,26
DA:80,26
DA:81,36
DA:82,36
DA:83,36
DA:84,36
DA:85,36
DA:86,36
DA:87,36
DA:88,36
DA:89,36
DA:90,36
DA:91,4
DA:92,4
DA:93,1
DA:94,1
DA:95,4
DA:96,1
DA:97,1
DA:98,2
DA:99,4
DA:100,36
DA:101,36
DA:102,36
DA:103,36
DA:104,36
DA:105,36
DA:106,36
DA:107,36
DA:108,36
DA:109,23
DA:110,1
DA:111,1
DA:112,22
DA:113,22
DA:114,22
DA:115,22
DA:116,22
DA:117,22
DA:118,22
DA:119,19
DA:120,19
DA:121,19
DA:122,23
DA:123,36
DA:124,36
DA:125,36
DA:126,36
DA:127,36
DA:128,36
DA:129,36
DA:130,36
DA:131,4
DA:132,4
DA:133,4
DA:134,4
DA:135,4
DA:136,4
DA:137,4
DA:138,4
DA:139,4
DA:140,4
DA:141,4
DA:142,4
DA:143,4
DA:144,4
DA:145,4
DA:146,4
DA:147,4
DA:148,4
DA:149,4
DA:150,0
DA:151,0
DA:152,0
DA:153,4
DA:154,4
DA:155,4
DA:156,4
DA:157,4
DA:158,4
DA:159,2
DA:160,2
DA:161,2
DA:162,4
DA:163,4
DA:164,4
DA:165,4
DA:166,4
DA:167,4
DA:168,4
DA:169,4
DA:170,4
DA:171,4
DA:172,4
DA:173,4
DA:174,4
DA:175,4
DA:176,4
DA:177,4
DA:178,0
DA:179,4
DA:180,4
DA:181,4
DA:182,4
DA:183,4
LF:183
LH:179
BRDA:1,0,0,36
BRDA:22,1,0,22
BRDA:23,2,0,2
BRDA:27,3,0,1
BRDA:27,4,0,1
BRDA:29,5,0,20
BRDA:30,6,0,19
BRDA:33,7,0,1
BRDA:39,8,0,0
BRDA:25,9,0,2
BRDA:26,10,0,2
BRDA:36,11,0,2
BRDA:37,12,0,2
BRDA:48,13,0,26
BRDA:49,14,0,2
BRDA:53,15,0,1
BRDA:53,16,0,1
BRDA:55,17,0,24
BRDA:56,18,0,23
BRDA:59,19,0,1
BRDA:65,20,0,0
BRDA:51,21,0,2
BRDA:52,22,0,2
BRDA:62,23,0,2
BRDA:63,24,0,2
BRDA:74,25,0,26
BRDA:76,26,0,2
BRDA:76,27,0,2
BRDA:79,28,0,24
BRDA:79,29,0,0
BRDA:91,30,0,4
BRDA:92,31,0,1
BRDA:95,32,0,3
BRDA:95,33,0,2
BRDA:95,34,0,3
BRDA:95,35,0,1
BRDA:98,36,0,2
BRDA:93,37,0,1
BRDA:108,38,0,23
BRDA:109,39,0,1
BRDA:112,40,0,22
BRDA:119,41,0,19
BRDA:130,42,0,4
BRDA:143,43,0,0
BRDA:183,44,0,0
BRDA:148,45,0,4
BRDA:149,46,0,0
BRDA:159,47,0,2
BRDA:166,48,0,12
BRDA:166,49,0,4
BRDA:182,50,0,4
BRF:51
BRH:45
end_of_record
TN:
SF:src/cli/commands/convert.command.js
FN:26,runI18nToExcel
FN:59,runExcelToI18n
FNF:2
FNH:2
FNDA:12,runI18nToExcel
FNDA:9,runExcelToI18n
DA:1,32
DA:2,32
DA:3,32
DA:4,32
DA:5,32
DA:6,32
DA:7,32
DA:8,32
DA:9,32
DA:10,32
DA:11,32
DA:12,32
DA:13,32
DA:14,32
DA:15,32
DA:16,32
DA:17,32
DA:18,32
DA:19,32
DA:20,32
DA:21,32
DA:22,32
DA:23,32
DA:24,32
DA:25,32
DA:26,32
DA:27,12
DA:28,12
DA:29,12
DA:30,12
DA:31,12
DA:32,12
DA:33,12
DA:34,12
DA:35,12
DA:36,12
DA:37,12
DA:38,12
DA:39,11
DA:40,11
DA:41,11
DA:42,9
DA:43,10
DA:44,2
DA:45,2
DA:46,12
DA:47,1
DA:48,1
DA:49,1
DA:50,12
DA:51,32
DA:52,32
DA:53,32
DA:54,32
DA:55,32
DA:56,32
DA:57,32
DA:58,32
DA:59,32
DA:60,9
DA:61,9
DA:62,9
DA:63,9
DA:64,9
DA:65,9
DA:66,9
DA:67,9
DA:68,9
DA:69,9
DA:70,9
DA:71,9
DA:72,9
DA:73,9
DA:74,9
DA:75,6
DA:76,6
DA:77,6
DA:78,4
DA:79,5
DA:80,2
DA:81,2
DA:82,9
DA:83,3
DA:84,3
DA:85,3
DA:86,9
LF:86
LH:86
BRDA:1,0,0,32
BRDA:26,1,0,12
BRDA:39,2,0,11
BRDA:41,3,0,10
BRDA:41,4,0,9
BRDA:43,5,0,2
BRDA:46,6,0,1
BRDA:59,7,0,9
BRDA:75,8,0,6
BRDA:77,9,0,5
BRDA:77,10,0,4
BRDA:79,11,0,2
BRDA:82,12,0,3
BRF:13
BRH:13
end_of_record
TN:
SF:src/cli/commands/index.js
FN:40,runAnalyzeThenTranslate
FN:66,getActionHandler
FN:70,i18nToExcel
FN:71,excelToI18n
FN:72,init
FN:73,analyze
FN:77,analyzeThenTranslate
FN:78,translate
FN:92,dispatchCommand
FN:110,processCliOptions
FNF:10
FNH:10
FNDA:2,runAnalyzeThenTranslate
FNDA:29,getActionHandler
FNDA:9,i18nToExcel
FNDA:7,excelToI18n
FNDA:5,init
FNDA:2,analyze
FNDA:2,analyzeThenTranslate
FNDA:3,translate
FNDA:29,dispatchCommand
FNDA:33,processCliOptions
DA:1,32
DA:2,32
DA:3,32
DA:4,32
DA:5,32
DA:6,32
DA:7,32
DA:8,32
DA:9,32
DA:10,32
DA:11,32
DA:12,32
DA:13,32
DA:14,32
DA:15,32
DA:16,32
DA:17,32
DA:18,32
DA:19,32
DA:20,32
DA:21,32
DA:22,32
DA:23,32
DA:24,32
DA:25,32
DA:26,32
DA:27,32
DA:28,32
DA:29,32
DA:30,32
DA:31,32
DA:32,32
DA:33,32
DA:34,32
DA:35,32
DA:36,32
DA:37,32
DA:38,32
DA:39,32
DA:40,2
DA:41,2
DA:42,2
DA:43,1
DA:44,1
DA:45,1
DA:46,1
DA:47,1
DA:48,1
DA:49,1
DA:50,1
DA:51,1
DA:52,2
DA:53,32
DA:54,32
DA:55,32
DA:56,32
DA:57,32
DA:58,32
DA:59,32
DA:60,32
DA:61,32
DA:62,32
DA:63,32
DA:64,32
DA:65,32
DA:66,29
DA:67,29
DA:68,29
DA:69,29
DA:70,29
DA:71,29
DA:72,29
DA:73,29
DA:74,2
DA:75,2
DA:76,29
DA:77,29
DA:78,29
DA:79,29
DA:80,29
DA:81,29
DA:82,29
DA:83,32
DA:84,32
DA:85,32
DA:86,32
DA:87,32
DA:88,32
DA:89,32
DA:90,32
DA:91,32
DA:92,29
DA:93,29
DA:94,29
DA:95,28
DA:96,28
DA:97,1
DA:98,1
DA:99,29
DA:100,32
DA:101,32
DA:102,32
DA:103,32
DA:104,32
DA:105,32
DA:106,32
DA:107,32
DA:108,32
DA:109,32
DA:110,32
DA:111,33
DA:112,33
DA:113,33
DA:114,33
DA:115,33
DA:116,33
DA:117,33
DA:118,33
DA:119,33
DA:120,33
DA:121,33
DA:122,33
DA:123,33
DA:124,33
DA:125,33
DA:126,33
DA:127,33
DA:128,33
DA:129,33
DA:130,33
DA:131,33
DA:132,33
DA:133,33
DA:134,33
DA:135,33
DA:136,33
DA:137,33
DA:138,33
DA:139,30
DA:140,13
DA:141,13
DA:142,13
DA:143,33
LF:143
LH:143
BRDA:1,0,0,32
BRDA:40,1,0,2
BRDA:41,2,0,0
BRDA:42,3,0,1
BRDA:66,4,0,29
BRDA:70,5,0,9
BRDA:71,6,0,7
BRDA:72,7,0,5
BRDA:73,8,0,2
BRDA:75,9,0,0
BRDA:77,10,0,2
BRDA:78,11,0,3
BRDA:92,12,0,29
BRDA:94,13,0,28
BRDA:97,14,0,1
BRDA:110,15,0,33
BRDA:120,16,0,0
BRDA:139,17,0,30
BRDA:139,18,0,20
BRDA:139,19,0,13
BRF:20
BRH:17
end_of_record
TN:
SF:src/cli/commands/resolveAction.js
FN:12,hasFlag
FN:21,resolveAction
FNF:2
FNH:2
FNDA:130,hasFlag
FNDA:31,resolveAction
DA:1,32
DA:2,32
DA:3,32
DA:4,32
DA:5,32
DA:6,32
DA:7,32
DA:8,32
DA:9,32
DA:10,32
DA:11,32
DA:12,130
DA:13,130
DA:14,130
DA:15,32
DA:16,32
DA:17,32
DA:18,32
DA:19,32
DA:20,32
DA:21,32
DA:22,31
DA:23,31
DA:24,31
DA:25,31
DA:26,23
DA:27,17
DA:28,31
DA:29,10
DA:30,5
DA:31,31
LF:31
LH:31
BRDA:1,0,0,32
BRDA:12,1,0,130
BRDA:21,2,0,31
BRDA:25,3,0,29
BRDA:25,4,0,9
BRDA:26,5,0,23
BRDA:26,6,0,22
BRDA:26,7,0,7
BRDA:27,8,0,17
BRDA:27,9,0,15
BRDA:27,10,0,5
BRDA:28,11,0,13
BRDA:28,12,0,10
BRDA:28,13,0,5
BRDA:28,14,0,13
BRDA:28,15,0,3
BRDA:29,16,0,10
BRDA:29,17,0,7
BRDA:29,18,0,6
BRDA:29,19,0,2
BRDA:30,20,0,5
BRDA:30,21,0,4
BRF:22
BRH:22
end_of_record
TN:
SF:src/cli/commands/translate.command.js
FN:25,resolveApiKey
FN:49,infoLogger
FN:66,createTranslateLogger
FN:77,runTranslate
FNF:4
FNH:4
FNDA:11,resolveApiKey
FNDA:16,infoLogger
FNDA:8,createTranslateLogger
FNDA:12,runTranslate
DA:1,32
DA:2,32
DA:3,32
DA:4,32
DA:5,32
DA:6,32
DA:7,32
DA:8,32
DA:9,32
DA:10,32
DA:11,32
DA:12,32
DA:13,32
DA:14,32
DA:15,32
DA:16,32
DA:17,32
DA:18,32
DA:19,32
DA:20,32
DA:21,32
DA:22,32
DA:23,32
DA:24,32
DA:25,11
DA:26,11
DA:27,11
DA:28,11
DA:29,11
DA:30,2
DA:31,2
DA:32,10
DA:33,3
DA:34,3
DA:35,3
DA:36,3
DA:37,6
DA:38,11
DA:39,32
DA:40,32
DA:41,32
DA:42,32
DA:43,32
DA:44,32
DA:45,32
DA:46,32
DA:47,32
DA:48,32
DA:49,16
DA:50,16
DA:51,2
DA:52,2
DA:53,16
DA:54,2
DA:55,2
DA:56,12
DA:57,16
DA:58,32
DA:59,32
DA:60,32
DA:61,32
DA:62,32
DA:63,32
DA:64,32
DA:65,32
DA:66,8
DA:67,8
DA:68,8
DA:69,8
DA:70,32
DA:71,32
DA:72,32
DA:73,32
DA:74,32
DA:75,32
DA:76,32
DA:77,32
DA:78,12
DA:79,1
DA:80,1
DA:81,11
DA:82,11
DA:83,11
DA:84,11
DA:85,11
DA:86,11
DA:87,11
DA:88,11
DA:89,11
DA:90,11
DA:91,11
DA:92,11
DA:93,11
DA:94,12
DA:95,2
DA:96,2
DA:97,2
DA:98,2
DA:99,2
DA:100,2
DA:101,2
DA:102,8
DA:103,8
DA:104,8
DA:105,8
DA:106,10
DA:107,12
DA:108,12
DA:109,12
DA:110,12
DA:111,12
DA:112,12
DA:113,12
DA:114,12
DA:115,12
DA:116,12
DA:117,12
DA:118,12
DA:119,12
DA:120,12
DA:121,12
DA:122,12
DA:123,12
DA:124,12
DA:125,12
DA:126,1
DA:127,10
DA:128,7
DA:129,7
DA:130,7
DA:131,12
LF:131
LH:131
BRDA:1,0,0,32
BRDA:25,1,0,11
BRDA:26,2,0,0
BRDA:28,3,0,5
BRDA:28,4,0,4
BRDA:29,5,0,2
BRDA:32,6,0,10
BRDA:32,7,0,9
BRDA:32,8,0,3
BRDA:37,9,0,6
BRDA:49,10,0,16
BRDA:50,11,0,2
BRDA:53,12,0,14
BRDA:53,13,0,12
BRDA:53,14,0,12
BRDA:53,15,0,2
BRDA:51,16,0,2
BRDA:66,17,0,8
BRDA:77,18,0,12
BRDA:78,19,0,1
BRDA:81,20,0,11
BRDA:94,21,0,10
BRDA:94,22,0,2
BRDA:102,23,0,8
BRDA:106,24,0,2
BRDA:107,25,0,6
BRDA:126,26,0,10
BRDA:126,27,0,1
BRDA:127,28,0,7
BRF:29
BRH:28
end_of_record
TN:
SF:src/cli/commands/shared/gates.js
FN:13,enforceAnalysisGates
FNF:1
FNH:1
FNDA:19,enforceAnalysisGates
DA:1,36
DA:2,36
DA:3,36
DA:4,36
DA:5,36
DA:6,36
DA:7,36
DA:8,36
DA:9,36
DA:10,36
DA:11,36
DA:12,36
DA:13,36
DA:14,19
DA:15,19
DA:16,19
DA:17,19
DA:18,19
DA:19,19
DA:20,19
DA:21,1
DA:22,1
DA:23,19
DA:24,1
DA:25,1
DA:26,19
LF:26
LH:26
BRDA:1,0,0,36
BRDA:13,1,0,19
BRDA:20,2,0,2
BRDA:20,3,0,1
BRDA:23,4,0,18
BRDA:23,5,0,1
BRDA:23,6,0,1
BRDA:15,7,0,22
BRDA:18,8,0,19
BRF:9
BRH:9
end_of_record
TN:
SF:src/cli/commands/shared/output.js
FN:18,printFileAnalysis
FN:39,isMachineFormat
FN:52,printAnalysisOutput
FNF:3
FNH:3
FNDA:24,printFileAnalysis
FNDA:3,isMachineFormat
FNDA:22,printAnalysisOutput
DA:1,36
DA:2,36
DA:3,36
DA:4,36
DA:5,36
DA:6,36
DA:7,36
DA:8,36
DA:9,36
DA:10,36
DA:11,36
DA:12,36
DA:13,36
DA:14,36
DA:15,36
DA:16,36
DA:17,36
DA:18,24
DA:19,24
DA:20,24
DA:21,9
DA:22,9
DA:23,9
DA:24,24
DA:25,13
DA:26,13
DA:27,13
DA:28,24
DA:29,11
DA:30,11
DA:31,24
DA:32,36
DA:33,36
DA:34,36
DA:35,36
DA:36,36
DA:37,36
DA:38,36
DA:39,3
DA:40,3
DA:41,3
DA:42,36
DA:43,36
DA:44,36
DA:45,36
DA:46,36
DA:47,36
DA:48,36
DA:49,36
DA:50,36
DA:51,36
DA:52,36
DA:53,22
DA:54,2
DA:55,2
DA:56,20
DA:57,21
DA:58,1
DA:59,1
DA:60,1
DA:61,1
DA:62,19
DA:63,19
DA:64,22
DA:65,16
DA:66,22
DA:67,5
DA:68,5
DA:69,5
DA:70,14
DA:71,14
DA:72,15
DA:73,24
DA:74,24
DA:75,22
LF:75
LH:75
BRDA:1,0,0,36
BRDA:18,1,0,24
BRDA:20,2,0,9
BRDA:22,3,0,301
BRDA:24,4,0,13
BRDA:26,5,0,31
BRDA:28,6,0,15
BRDA:28,7,0,11
BRDA:39,8,0,3
BRDA:40,9,0,2
BRDA:52,10,0,22
BRDA:53,11,0,3
BRDA:53,12,0,2
BRDA:56,13,0,21
BRDA:56,14,0,20
BRDA:57,15,0,19
BRDA:57,16,0,1
BRDA:63,17,0,18
BRDA:64,18,0,16
BRDA:66,19,0,21
BRDA:66,20,0,5
BRDA:70,21,0,15
BRDA:70,22,0,14
BRDA:72,23,0,24
BRDA:75,24,0,14
BRF:25
BRH:25
end_of_record
TN:
SF:src/cli/commands/shared/spinner.js
FN:17,createSpinner
FNF:1
FNH:1
FNDA:29,createSpinner
DA:1,32
DA:2,32
DA:3,32
DA:4,32
DA:5,32
DA:6,32
DA:7,32
DA:8,32
DA:9,32
DA:10,32
DA:11,32
DA:12,32
DA:13,32
DA:14,32
DA:15,32
DA:16,32
DA:17,32
DA:18,29
DA:19,29
DA:20,29
DA:21,29
DA:22,29
DA:23,29
DA:24,29
DA:25,29
DA:26,29
DA:27,29
LF:27
LH:27
BRDA:1,0,0,32
BRDA:17,1,0,29
BRDA:18,2,0,0
BRDA:20,3,0,27
BRDA:21,4,0,26
BRDA:22,5,0,26
BRDA:23,6,0,15
BRDA:24,7,0,15
BRF:8
BRH:7
end_of_record
TN:
SF:src/cli/contracts/analyze.contract.js
FN:12,normalizeAnalyzeContract
FN:29,assertAnalyzeInvariants
FN:41,normalizeAnalyzeThenTranslateContract
FN:58,assertAnalyzeThenTranslateInvariants
FNF:4
FNH:4
FNDA:10,normalizeAnalyzeContract
FNDA:9,assertAnalyzeInvariants
FNDA:6,normalizeAnalyzeThenTranslateContract
FNDA:6,assertAnalyzeThenTranslateInvariants
DA:1,33
DA:2,33
DA:3,33
DA:4,33
DA:5,33
DA:6,33
DA:7,33
DA:8,33
DA:9,33
DA:10,33
DA:11,33
DA:12,33
DA:13,10
DA:14,10
DA:15,10
DA:16,10
DA:17,10
DA:18,10
DA:19,10
DA:20,10
DA:21,10
DA:22,10
DA:23,33
DA:24,33
DA:25,33
DA:26,33
DA:27,33
DA:28,33
DA:29,33
DA:30,9
DA:31,1
DA:32,1
DA:33,9
DA:34,33
DA:35,33
DA:36,33
DA:37,33
DA:38,33
DA:39,33
DA:40,33
DA:41,33
DA:42,6
DA:43,6
DA:44,6
DA:45,6
DA:46,6
DA:47,6
DA:48,6
DA:49,6
DA:50,6
DA:51,6
DA:52,33
DA:53,33
DA:54,33
DA:55,33
DA:56,33
DA:57,33
DA:58,33
DA:59,6
DA:60,6
DA:61,6
DA:62,2
DA:63,2
DA:64,4
DA:65,6
DA:66,2
DA:67,2
DA:68,2
DA:69,2
DA:70,1
DA:71,1
DA:72,1
DA:73,1
DA:74,6
LF:74
LH:74
BRDA:1,0,0,33
BRDA:12,1,0,10
BRDA:16,2,0,1
BRDA:16,3,0,1
BRDA:16,4,0,1
BRDA:17,5,0,5
BRDA:29,6,0,9
BRDA:30,7,0,1
BRDA:41,8,0,6
BRDA:46,9,0,5
BRDA:47,10,0,3
BRDA:48,11,0,3
BRDA:58,12,0,6
BRDA:61,13,0,2
BRDA:64,14,0,5
BRDA:64,15,0,4
BRDA:65,16,0,0
BRDA:65,17,0,2
BRDA:69,18,0,1
BRF:19
BRH:18
end_of_record
TN:
SF:src/cli/contracts/convert.contract.js
FN:19,normalizeCommonOutput
FN:35,normalizeI18nToExcelContract
FN:65,assertI18nToExcelInvariants
FN:83,normalizeExcelToI18nContract
FN:118,assertExcelToI18nInvariants
FNF:5
FNH:5
FNDA:16,normalizeCommonOutput
FNDA:9,normalizeI18nToExcelContract
FNDA:11,assertI18nToExcelInvariants
FNDA:7,normalizeExcelToI18nContract
FNDA:9,assertExcelToI18nInvariants
DA:1,33
DA:2,33
DA:3,33
DA:4,33
DA:5,33
DA:6,33
DA:7,33
DA:8,33
DA:9,33
DA:10,33
DA:11,33
DA:12,33
DA:13,33
DA:14,33
DA:15,33
DA:16,33
DA:17,33
DA:18,33
DA:19,16
DA:20,16
DA:21,16
DA:22,16
DA:23,16
DA:24,16
DA:25,16
DA:26,33
DA:27,33
DA:28,33
DA:29,33
DA:30,33
DA:31,33
DA:32,33
DA:33,33
DA:34,33
DA:35,33
DA:36,9
DA:37,9
DA:38,9
DA:39,9
DA:40,9
DA:41,9
DA:42,9
DA:43,9
DA:44,9
DA:45,9
DA:46,9
DA:47,9
DA:48,9
DA:49,9
DA:50,9
DA:51,9
DA:52,9
DA:53,9
DA:54,9
DA:55,9
DA:56,9
DA:57,9
DA:58,9
DA:59,33
DA:60,33
DA:61,33
DA:62,33
DA:63,33
DA:64,33
DA:65,33
DA:66,11
DA:67,1
DA:68,1
DA:69,10
DA:70,1
DA:71,1
DA:72,11
DA:73,33
DA:74,33
DA:75,33
DA:76,33
DA:77,33
DA:78,33
DA:79,33
DA:80,33
DA:81,33
DA:82,33
DA:83,33
DA:84,7
DA:85,7
DA:86,7
DA:87,7
DA:88,7
DA:89,7
DA:90,7
DA:91,7
DA:92,7
DA:93,7
DA:94,7
DA:95,7
DA:96,7
DA:97,7
DA:98,7
DA:99,7
DA:100,7
DA:101,7
DA:102,7
DA:103,7
DA:104,7
DA:105,7
DA:106,7
DA:107,7
DA:108,7
DA:109,7
DA:110,7
DA:111,7
DA:112,33
DA:113,33
DA:114,33
DA:115,33
DA:116,33
DA:117,33
DA:118,33
DA:119,9
DA:120,1
DA:121,1
DA:122,8
DA:123,1
DA:124,1
DA:125,9
LF:125
LH:125
BRDA:1,0,0,33
BRDA:19,1,0,16
BRDA:35,2,0,9
BRDA:65,3,0,11
BRDA:66,4,0,10
BRDA:66,5,0,1
BRDA:69,6,0,1
BRDA:83,7,0,7
BRDA:96,8,0,5
BRDA:118,9,0,9
BRDA:119,10,0,8
BRDA:119,11,0,1
BRDA:122,12,0,1
BRF:13
BRH:13
end_of_record
TN:
SF:src/cli/contracts/index.js
FN:34,assertCommandInvariants
FN:67,normalizeCommandOptions
FNF:2
FNH:2
FNDA:38,assertCommandInvariants
FNDA:39,normalizeCommandOptions
DA:1,33
DA:2,33
DA:3,33
DA:4,33
DA:5,33
DA:6,33
DA:7,33
DA:8,33
DA:9,33
DA:10,33
DA:11,33
DA:12,33
DA:13,33
DA:14,33
DA:15,33
DA:16,33
DA:17,33
DA:18,33
DA:19,33
DA:20,33
DA:21,33
DA:22,33
DA:23,33
DA:24,33
DA:25,33
DA:26,33
DA:27,33
DA:28,33
DA:29,33
DA:30,33
DA:31,33
DA:32,33
DA:33,33
DA:34,33
DA:35,38
DA:36,38
DA:37,9
DA:38,9
DA:39,38
DA:40,7
DA:41,7
DA:42,38
DA:43,5
DA:44,5
DA:45,38
DA:46,3
DA:47,3
DA:48,38
DA:49,6
DA:50,6
DA:51,38
DA:52,6
DA:53,6
DA:54,38
DA:55,2
DA:56,2
DA:57,38
DA:58,38
DA:59,33
DA:60,33
DA:61,33
DA:62,33
DA:63,33
DA:64,33
DA:65,33
DA:66,33
DA:67,33
DA:68,39
DA:69,39
DA:70,39
DA:71,39
DA:72,9
DA:73,9
DA:74,9
DA:75,9
DA:76,9
DA:77,9
DA:78,9
DA:79,39
DA:80,7
DA:81,7
DA:82,7
DA:83,7
DA:84,7
DA:85,7
DA:86,7
DA:87,7
DA:88,39
DA:89,5
DA:90,5
DA:91,39
DA:92,4
DA:93,4
DA:94,39
DA:95,6
DA:96,6
DA:97,39
DA:98,6
DA:99,6
DA:100,39
DA:101,2
DA:102,2
DA:103,2
DA:104,2
DA:105,2
DA:106,2
DA:107,39
DA:108,39
LF:108
LH:108
BRDA:1,0,0,33
BRDA:34,1,0,38
BRDA:36,2,0,9
BRDA:39,3,0,7
BRDA:42,4,0,5
BRDA:45,5,0,3
BRDA:48,6,0,6
BRDA:51,7,0,6
BRDA:54,8,0,2
BRDA:67,9,0,39
BRDA:71,10,0,9
BRDA:79,11,0,7
BRDA:88,12,0,5
BRDA:91,13,0,4
BRDA:94,14,0,6
BRDA:97,15,0,6
BRDA:100,16,0,2
BRF:17
BRH:17
end_of_record
TN:
SF:src/cli/contracts/init.contract.js
FN:12,normalizeInitContract
FN:26,assertInitInvariants
FNF:2
FNH:2
FNDA:5,normalizeInitContract
FNDA:5,assertInitInvariants
DA:1,33
DA:2,33
DA:3,33
DA:4,33
DA:5,33
DA:6,33
DA:7,33
DA:8,33
DA:9,33
DA:10,33
DA:11,33
DA:12,33
DA:13,5
DA:14,5
DA:15,5
DA:16,5
DA:17,5
DA:18,5
DA:19,5
DA:20,33
DA:21,33
DA:22,33
DA:23,33
DA:24,33
DA:25,33
DA:26,33
DA:27,5
DA:28,0
DA:29,0
DA:30,5
LF:30
LH:28
BRDA:1,0,0,33
BRDA:12,1,0,5
BRDA:15,2,0,1
BRDA:15,3,0,0
BRDA:26,4,0,5
BRDA:27,5,0,0
BRF:6
BRH:4
end_of_record
TN:
SF:src/cli/contracts/translate.contract.js
FN:13,resolveInput
FN:23,resolveSourceLang
FN:33,resolveModel
FN:44,resolveLanguageMap
FN:55,normalizeTranslateContract
FN:77,assertTranslateInvariants
FNF:6
FNH:6
FNDA:6,resolveInput
FNDA:6,resolveSourceLang
FNDA:6,resolveModel
FNDA:6,resolveLanguageMap
FNDA:6,normalizeTranslateContract
FNDA:6,assertTranslateInvariants
DA:1,33
DA:2,33
DA:3,33
DA:4,33
DA:5,33
DA:6,33
DA:7,33
DA:8,33
DA:9,33
DA:10,33
DA:11,33
DA:12,33
DA:13,6
DA:14,6
DA:15,6
DA:16,33
DA:17,33
DA:18,33
DA:19,33
DA:20,33
DA:21,33
DA:22,33
DA:23,6
DA:24,6
DA:25,6
DA:26,33
DA:27,33
DA:28,33
DA:29,33
DA:30,33
DA:31,33
DA:32,33
DA:33,6
DA:34,6
DA:35,6
DA:36,33
DA:37,33
DA:38,33
DA:39,33
DA:40,33
DA:41,33
DA:42,33
DA:43,33
DA:44,6
DA:45,6
DA:46,6
DA:47,33
DA:48,33
DA:49,33
DA:50,33
DA:51,33
DA:52,33
DA:53,33
DA:54,33
DA:55,33
DA:56,6
DA:57,6
DA:58,6
DA:59,6
DA:60,6
DA:61,6
DA:62,6
DA:63,6
DA:64,6
DA:65,6
DA:66,6
DA:67,6
DA:68,6
DA:69,6
DA:70,33
DA:71,33
DA:72,33
DA:73,33
DA:74,33
DA:75,33
DA:76,33
DA:77,33
DA:78,6
DA:79,0
DA:80,0
DA:81,6
DA:82,6
DA:83,2
DA:84,2
DA:85,4
DA:86,6
DA:87,6
DA:88,2
DA:89,2
DA:90,2
DA:91,2
DA:92,6
LF:92
LH:90
BRDA:1,0,0,33
BRDA:13,1,0,6
BRDA:14,2,0,0
BRDA:14,3,0,0
BRDA:14,4,0,0
BRDA:23,5,0,6
BRDA:24,6,0,3
BRDA:33,7,0,6
BRDA:34,8,0,3
BRDA:44,9,0,6
BRDA:45,10,0,2
BRDA:45,11,0,2
BRDA:55,12,0,6
BRDA:66,13,0,5
BRDA:77,14,0,6
BRDA:78,15,0,0
BRDA:82,16,0,5
BRDA:82,17,0,2
BRDA:85,18,0,4
BRDA:86,19,0,0
BRDA:87,20,0,3
BRDA:87,21,0,2
BRDA:87,22,0,2
BRF:23
BRH:18
end_of_record
TN:
SF:src/core/analyzer.js
FN:100,escapeForRegex
FN:110,normalizeMetadataKeyFields
FN:129,extractMetadataKeysFromContent
FN:156,collectLiteralStringArrays
FN:200,mergeExtractionResults
FN:221,persistCacheIfEnabled
FN:233,resolveFilesForPatterns
FN:246,resolveExtractorContext
FN:265,extractKeysForFile
FN:307,extractArrayDrivenTranslateKeys
FN:355,extractKeysFromContent
FN:388,normalizePatterns
FN:410,extractKeysFromCodebase
FN:449,flattenKeys
FN:473,analyzeKeys
FNF:15
FNH:15
FNDA:185,escapeForRegex
FNDA:124,normalizeMetadataKeyFields
FNDA:94,extractMetadataKeysFromContent
FNDA:94,collectLiteralStringArrays
FNDA:30,mergeExtractionResults
FNDA:30,persistCacheIfEnabled
FNDA:30,resolveFilesForPatterns
FNDA:30,resolveExtractorContext
FNDA:80,extractKeysForFile
FNDA:94,extractArrayDrivenTranslateKeys
FNDA:94,extractKeysFromContent
FNDA:32,normalizePatterns
FNDA:32,extractKeysFromCodebase
FNDA:102,flattenKeys
FNDA:46,analyzeKeys
DA:1,47
DA:2,47
DA:3,47
DA:4,47
DA:5,47
DA:6,47
DA:7,47
DA:8,47
DA:9,47
DA:10,47
DA:11,47
DA:12,47
DA:13,47
DA:14,47
DA:15,47
DA:16,47
DA:17,47
DA:18,47
DA:19,47
DA:20,47
DA:21,47
DA:22,47
DA:23,47
DA:24,47
DA:25,47
DA:26,47
DA:27,47
DA:28,47
DA:29,47
DA:30,47
DA:31,47
DA:32,47
DA:33,47
DA:34,47
DA:35,47
DA:36,47
DA:37,47
DA:38,47
DA:39,47
DA:40,47
DA:41,47
DA:42,47
DA:43,47
DA:44,47
DA:45,47
DA:46,47
DA:47,47
DA:48,47
DA:49,47
DA:50,47
DA:51,47
DA:52,47
DA:53,47
DA:54,47
DA:55,47
DA:56,47
DA:57,47
DA:58,47
DA:59,47
DA:60,47
DA:61,47
DA:62,47
DA:63,47
DA:64,47
DA:65,47
DA:66,47
DA:67,47
DA:68,47
DA:69,47
DA:70,47
DA:71,47
DA:72,47
DA:73,47
DA:74,47
DA:75,47
DA:76,47
DA:77,47
DA:78,47
DA:79,47
DA:80,47
DA:81,47
DA:82,47
DA:83,47
DA:84,47
DA:85,47
DA:86,47
DA:87,47
DA:88,47
DA:89,47
DA:90,47
DA:91,47
DA:92,47
DA:93,47
DA:94,47
DA:95,47
DA:96,47
DA:97,47
DA:98,47
DA:99,47
DA:100,185
DA:101,185
DA:102,185
DA:103,47
DA:104,47
DA:105,47
DA:106,47
DA:107,47
DA:108,47
DA:109,47
DA:110,124
DA:111,124
DA:112,46
DA:113,46
DA:114,78
DA:115,78
DA:116,78
DA:117,78
DA:118,78
DA:119,124
DA:120,124
DA:121,47
DA:122,47
DA:123,47
DA:124,47
DA:125,47
DA:126,47
DA:127,47
DA:128,47
DA:129,94
DA:130,94
DA:131,1
DA:132,1
DA:133,93
DA:134,93
DA:135,93
DA:136,93
DA:137,93
DA:138,93
DA:139,93
DA:140,93
DA:141,93
DA:142,93
DA:143,94
DA:144,10
DA:145,10
DA:146,93
DA:147,93
DA:148,94
DA:149,47
DA:150,47
DA:151,47
DA:152,47
DA:153,47
DA:154,47
DA:155,47
DA:156,94
DA:157,94
DA:158,94
DA:159,94
DA:160,94
DA:161,94
DA:162,20
DA:163,20
DA:164,20
DA:165,20
DA:166,20
DA:167,20
DA:168,20
DA:169,20
DA:170,20
DA:171,20
DA:172,20
DA:173,20
DA:174,20
DA:175,20
DA:176,20
DA:177,20
DA:178,52
DA:179,52
DA:180,52
DA:181,52
DA:182,20
DA:183,20
DA:184,14
DA:185,14
DA:186,20
DA:187,94
DA:188,94
DA:189,94
DA:190,47
DA:191,47
DA:192,47
DA:193,47
DA:194,47
DA:195,47
DA:196,47
DA:197,47
DA:198,47
DA:199,47
DA:200,30
DA:201,30
DA:202,80
DA:203,79
DA:204,79
DA:205,79
DA:206,1
DA:207,1
DA:208,1
DA:209,80
DA:210,80
DA:211,80
DA:212,30
DA:213,47
DA:214,47
DA:215,47
DA:216,47
DA:217,47
DA:218,47
DA:219,47
DA:220,47
DA:221,30
DA:222,30
DA:223,21
DA:224,21
DA:225,30
DA:226,47
DA:227,47
DA:228,47
DA:229,47
DA:230,47
DA:231,47
DA:232,47
DA:233,30
DA:234,30
DA:235,30
DA:236,30
DA:237,30
DA:238,30
DA:239,47
DA:240,47
DA:241,47
DA:242,47
DA:243,47
DA:244,47
DA:245,47
DA:246,30
DA:247,30
DA:248,30
DA:249,30
DA:250,30
DA:251,30
DA:252,30
DA:253,47
DA:254,47
DA:255,47
DA:256,47
DA:257,47
DA:258,47
DA:259,47
DA:260,47
DA:261,47
DA:262,47
DA:263,47
DA:264,47
DA:265,80
DA:266,80
DA:267,80
DA:268,80
DA:269,80
DA:270,79
DA:271,80
DA:272,64
DA:273,64
DA:274,5
DA:275,5
DA:276,59
DA:277,59
DA:278,59
DA:279,59
DA:280,59
DA:281,59
DA:282,59
DA:283,59
DA:284,59
DA:285,59
DA:286,59
DA:287,59
DA:288,59
DA:289,15
DA:290,15
DA:291,15
DA:292,15
DA:293,15
DA:294,15
DA:295,15
DA:296,15
DA:297,15
DA:298,80
DA:299,47
DA:300,47
DA:301,47
DA:302,47
DA:303,47
DA:304,47
DA:305,47
DA:306,47
DA:307,94
DA:308,94
DA:309,94
DA:310,94
DA:311,84
DA:312,84
DA:313,10
DA:314,10
DA:315,10
DA:316,58
DA:317,6
DA:318,6
DA:319,6
DA:320,6
DA:321,2
DA:322,10
DA:323,10
DA:324,10
DA:325,79
DA:326,2
DA:327,2
DA:328,2
DA:329,2
DA:330,2
DA:331,10
DA:332,10
DA:333,94
DA:334,47
DA:335,47
DA:336,47
DA:337,47
DA:338,47
DA:339,47
DA:340,47
DA:341,47
DA:342,47
DA:343,47
DA:344,47
DA:345,47
DA:346,47
DA:347,47
DA:348,47
DA:349,47
DA:350,47
DA:351,47
DA:352,47
DA:353,47
DA:354,47
DA:355,47
DA:356,94
DA:357,94
DA:358,94
DA:359,94
DA:360,846
DA:361,846
DA:362,166
DA:363,166
DA:364,166
DA:365,166
DA:366,846
DA:367,94
DA:368,94
DA:369,94
DA:370,94
DA:371,94
DA:372,10
DA:373,10
DA:374,94
DA:375,94
DA:376,8
DA:377,8
DA:378,94
DA:379,94
DA:380,94
DA:381,47
DA:382,47
DA:383,47
DA:384,47
DA:385,47
DA:386,47
DA:387,47
DA:388,32
DA:389,32
DA:390,3
DA:391,3
DA:392,30
DA:393,28
DA:394,28
DA:395,28
DA:396,1
DA:397,32
DA:398,47
DA:399,47
DA:400,47
DA:401,47
DA:402,47
DA:403,47
DA:404,47
DA:405,47
DA:406,47
DA:407,47
DA:408,47
DA:409,47
DA:410,47
DA:411,32
DA:412,32
DA:413,32
DA:414,2
DA:415,2
DA:416,30
DA:417,30
DA:418,30
DA:419,32
DA:420,32
DA:421,32
DA:422,32
DA:423,32
DA:424,80
DA:425,80
DA:426,80
DA:427,80
DA:428,80
DA:429,32
DA:430,32
DA:431,32
DA:432,32
DA:433,30
DA:434,30
DA:435,30
DA:436,30
DA:437,32
DA:438,47
DA:439,47
DA:440,47
DA:441,47
DA:442,47
DA:443,47
DA:444,47
DA:445,47
DA:446,47
DA:447,47
DA:448,47
DA:449,47
DA:450,102
DA:451,102
DA:452,144
DA:453,144
DA:454,57
DA:455,57
DA:456,141
DA:457,87
DA:458,87
DA:459,144
DA:460,102
DA:461,102
DA:462,47
DA:463,47
DA:464,47
DA:465,47
DA:466,47
DA:467,47
DA:468,47
DA:469,47
DA:470,47
DA:471,47
DA:472,47
DA:473,47
DA:474,46
DA:475,46
DA:476,46
DA:477,46
LF:477
LH:477
BRDA:1,0,0,47
BRDA:100,1,0,185
BRDA:110,2,0,124
BRDA:111,3,0,117
BRDA:111,4,0,46
BRDA:114,5,0,98
BRDA:114,6,0,78
BRDA:119,7,0,77
BRDA:119,8,0,1
BRDA:116,9,0,153
BRDA:117,10,0,153
BRDA:129,11,0,94
BRDA:130,12,0,1
BRDA:133,13,0,93
BRDA:143,14,0,10
BRDA:146,15,0,93
BRDA:135,16,0,185
BRDA:156,17,0,94
BRDA:161,18,0,20
BRDA:163,19,0,0
BRDA:166,20,0,0
BRDA:169,21,0,0
BRDA:177,22,0,52
BRDA:183,23,0,14
BRDA:200,24,0,30
BRDA:201,25,0,80
BRDA:202,26,0,79
BRDA:203,27,0,136
BRDA:206,28,0,1
BRDA:209,29,0,0
BRDA:221,30,0,30
BRDA:222,31,0,21
BRDA:233,32,0,30
BRDA:235,33,0,33
BRDA:246,34,0,30
BRDA:265,35,0,80
BRDA:270,36,0,79
BRDA:271,37,0,64
BRDA:273,38,0,5
BRDA:276,39,0,59
BRDA:289,40,0,15
BRDA:307,41,0,94
BRDA:310,42,0,84
BRDA:313,43,0,79
BRDA:313,44,0,58
BRDA:313,45,0,10
BRDA:316,46,0,6
BRDA:319,47,0,5
BRDA:319,48,0,4
BRDA:320,49,0,2
BRDA:320,50,0,4
BRDA:321,51,0,2
BRDA:322,52,0,10
BRDA:325,53,0,2
BRDA:328,54,0,0
BRDA:329,55,0,4
BRDA:331,56,0,10
BRDA:355,57,0,94
BRDA:359,58,0,846
BRDA:361,59,0,166
BRDA:371,60,0,10
BRDA:375,61,0,8
BRDA:388,62,0,32
BRDA:389,63,0,3
BRDA:392,64,0,30
BRDA:392,65,0,29
BRDA:392,66,0,28
BRDA:394,67,0,27
BRDA:394,68,0,1
BRDA:396,69,0,1
BRDA:390,70,0,6
BRDA:390,71,0,6
BRDA:410,72,0,32
BRDA:413,73,0,30
BRDA:413,74,0,2
BRDA:419,75,0,21
BRDA:419,76,0,9
BRDA:433,77,0,30
BRDA:423,78,0,80
BRDA:449,79,0,102
BRDA:451,80,0,144
BRDA:452,81,0,77
BRDA:452,82,0,67
BRDA:453,83,0,57
BRDA:453,84,0,141
BRDA:453,85,0,57
BRDA:455,86,0,77
BRDA:456,87,0,87
BRDA:473,88,0,46
BRDA:474,89,0,338
BRDA:475,90,0,88
BRF:91
BRH:86
end_of_record
TN:
SF:src/core/analyzerCache.js
FN:28,hashContent
FN:37,loadCache
FN:51,saveCache
FN:65,isCacheHit
FN:86,getCachedKeys
FN:98,updateCacheEntry
FNF:6
FNH:6
FNDA:64,hashContent
FNDA:21,loadCache
FNDA:21,saveCache
FNDA:64,isCacheHit
FNDA:5,getCachedKeys
FNDA:59,updateCacheEntry
DA:1,47
DA:2,47
DA:3,47
DA:4,47
DA:5,47
DA:6,47
DA:7,47
DA:8,47
DA:9,47
DA:10,47
DA:11,47
DA:12,47
DA:13,47
DA:14,47
DA:15,47
DA:16,47
DA:17,47
DA:18,47
DA:19,47
DA:20,47
DA:21,47
DA:22,47
DA:23,47
DA:24,47
DA:25,47
DA:26,47
DA:27,47
DA:28,47
DA:29,64
DA:30,64
DA:31,47
DA:32,47
DA:33,47
DA:34,47
DA:35,47
DA:36,47
DA:37,47
DA:38,21
DA:39,21
DA:40,21
DA:41,21
DA:42,2
DA:43,2
DA:44,21
DA:45,47
DA:46,47
DA:47,47
DA:48,47
DA:49,47
DA:50,47
DA:51,47
DA:52,21
DA:53,21
DA:54,47
DA:55,47
DA:56,47
DA:57,47
DA:58,47
DA:59,47
DA:60,47
DA:61,47
DA:62,47
DA:63,47
DA:64,47
DA:65,47
DA:66,64
DA:67,64
DA:68,64
DA:69,64
DA:70,64
DA:71,64
DA:72,64
DA:73,64
DA:74,64
DA:75,64
DA:76,64
DA:77,64
DA:78,64
DA:79,47
DA:80,47
DA:81,47
DA:82,47
DA:83,47
DA:84,47
DA:85,47
DA:86,47
DA:87,5
DA:88,5
DA:89,47
DA:90,47
DA:91,47
DA:92,47
DA:93,47
DA:94,47
DA:95,47
DA:96,47
DA:97,47
DA:98,47
DA:99,59
DA:100,59
DA:101,59
DA:102,59
DA:103,59
DA:104,59
DA:105,59
DA:106,59
DA:107,59
LF:107
LH:107
BRDA:1,0,0,47
BRDA:28,1,0,64
BRDA:37,2,0,21
BRDA:41,3,0,2
BRDA:51,4,0,21
BRDA:65,5,0,64
BRDA:73,6,0,8
BRDA:74,7,0,5
BRDA:75,8,0,5
BRDA:76,9,0,0
BRDA:86,10,0,5
BRDA:87,11,0,0
BRDA:98,12,0,59
BRF:13
BRH:11
end_of_record
TN:
SF:src/core/validation.js
FN:23,assertNonEmptyString
FN:40,assertStringPath
FN:64,validateLanguageCode
FNF:3
FNH:3
FNDA:57,assertNonEmptyString
FNDA:213,assertStringPath
FNDA:65,validateLanguageCode
DA:1,51
DA:2,51
DA:3,51
DA:4,51
DA:5,51
DA:6,51
DA:7,51
DA:8,51
DA:9,51
DA:10,51
DA:11,51
DA:12,51
DA:13,51
DA:14,51
DA:15,51
DA:16,51
DA:17,51
DA:18,51
DA:19,51
DA:20,51
DA:21,51
DA:22,51
DA:23,51
DA:24,57
DA:25,3
DA:26,3
DA:27,54
DA:28,57
DA:29,51
DA:30,51
DA:31,51
DA:32,51
DA:33,51
DA:34,51
DA:35,51
DA:36,51
DA:37,51
DA:38,51
DA:39,51
DA:40,51
DA:41,213
DA:42,2
DA:43,2
DA:44,211
DA:45,213
DA:46,51
DA:47,51
DA:48,51
DA:49,51
DA:50,51
DA:51,51
DA:52,51
DA:53,51
DA:54,51
DA:55,51
DA:56,51
DA:57,51
DA:58,51
DA:59,51
DA:60,51
DA:61,51
DA:62,51
DA:63,51
DA:64,51
DA:65,65
DA:66,1
DA:67,1
DA:68,64
DA:69,64
DA:70,1
DA:71,1
DA:72,65
DA:73,7
DA:74,7
DA:75,65
DA:76,4
DA:77,1
DA:78,1
DA:79,4
DA:80,55
DA:81,65
LF:81
LH:81
BRDA:1,0,0,51
BRDA:23,1,0,57
BRDA:24,2,0,3
BRDA:27,3,0,54
BRDA:40,4,0,213
BRDA:41,5,0,212
BRDA:41,6,0,2
BRDA:44,7,0,211
BRDA:64,8,0,65
BRDA:65,9,0,1
BRDA:68,10,0,64
BRDA:69,11,0,1
BRDA:72,12,0,63
BRDA:72,13,0,61
BRDA:72,14,0,57
BRDA:72,15,0,58
BRDA:72,16,0,7
BRDA:75,17,0,56
BRDA:75,18,0,4
BRDA:76,19,0,3
BRDA:76,20,0,1
BRDA:80,21,0,55
BRF:22
BRH:22
end_of_record
TN:
SF:src/core/excel/sheetRead.js
FN:22,parseHeaders
FN:75,readTranslationsFromWorksheet
FNF:2
FNH:2
FNDA:22,parseHeaders
FNDA:22,readTranslationsFromWorksheet
DA:1,46
DA:2,46
DA:3,46
DA:4,46
DA:5,46
DA:6,46
DA:7,46
DA:8,46
DA:9,46
DA:10,46
DA:11,46
DA:12,46
DA:13,46
DA:14,46
DA:15,46
DA:16,46
DA:17,46
DA:18,46
DA:19,46
DA:20,46
DA:21,46
DA:22,22
DA:23,22
DA:24,34
DA:25,34
DA:26,1
DA:27,1
DA:28,33
DA:29,22
DA:30,22
DA:31,22
DA:32,22
DA:33,22
DA:34,22
DA:35,22
DA:36,22
DA:37,32
DA:38,32
DA:39,1
DA:40,1
DA:41,1
DA:42,1
DA:43,1
DA:44,30
DA:45,30
DA:46,19
DA:47,19
DA:48,22
DA:49,46
DA:50,46
DA:51,46
DA:52,46
DA:53,46
DA:54,46
DA:55,46
DA:56,46
DA:57,46
DA:58,46
DA:59,46
DA:60,46
DA:61,46
DA:62,46
DA:63,46
DA:64,46
DA:65,46
DA:66,46
DA:67,46
DA:68,46
DA:69,46
DA:70,46
DA:71,46
DA:72,46
DA:73,46
DA:74,46
DA:75,46
DA:76,22
DA:77,22
DA:78,22
DA:79,22
DA:80,22
DA:81,22
DA:82,22
DA:83,22
DA:84,22
DA:85,22
DA:86,22
DA:87,22
DA:88,22
DA:89,54
DA:90,35
DA:91,54
DA:92,35
DA:93,54
DA:94,27
DA:95,35
DA:96,41
DA:97,65
DA:98,65
DA:99,65
DA:100,65
DA:101,65
DA:102,22
DA:103,22
DA:104,22
DA:105,22
DA:106,22
DA:107,22
DA:108,22
DA:109,22
LF:109
LH:109
BRDA:1,0,0,46
BRDA:22,1,0,22
BRDA:36,2,0,32
BRDA:38,3,0,31
BRDA:38,4,0,1
BRDA:44,5,0,30
BRDA:46,6,0,19
BRDA:23,7,0,34
BRDA:24,8,0,0
BRDA:25,9,0,1
BRDA:28,10,0,33
BRDA:32,11,0,32
BRDA:32,12,0,20
BRDA:75,13,0,22
BRDA:83,14,0,29
BRDA:88,15,0,54
BRDA:89,16,0,48
BRDA:89,17,0,19
BRDA:90,18,0,35
BRDA:91,19,0,0
BRDA:92,20,0,35
BRDA:93,21,0,40
BRDA:93,22,0,8
BRDA:94,23,0,27
BRDA:95,24,0,41
BRDA:95,25,0,35
BRDA:96,26,0,65
BRDA:102,27,0,35
BRF:28
BRH:26
end_of_record
TN:
SF:src/core/excel/sheetWrite.js
FN:20,applyHeaderStyles
FN:56,createTranslationWorksheet
FNF:2
FNH:2
FNDA:9,applyHeaderStyles
FNDA:9,createTranslationWorksheet
DA:1,47
DA:2,47
DA:3,47
DA:4,47
DA:5,47
DA:6,47
DA:7,47
DA:8,47
DA:9,47
DA:10,47
DA:11,47
DA:12,47
DA:13,47
DA:14,47
DA:15,47
DA:16,47
DA:17,47
DA:18,47
DA:19,47
DA:20,47
DA:21,9
DA:22,36
DA:23,36
DA:24,9
DA:25,9
DA:26,9
DA:27,9
DA:28,9
DA:29,9
DA:30,9
DA:31,47
DA:32,47
DA:33,47
DA:34,47
DA:35,47
DA:36,47
DA:37,47
DA:38,47
DA:39,47
DA:40,47
DA:41,47
DA:42,47
DA:43,47
DA:44,47
DA:45,47
DA:46,47
DA:47,47
DA:48,47
DA:49,47
DA:50,47
DA:51,47
DA:52,47
DA:53,47
DA:54,47
DA:55,47
DA:56,47
DA:57,9
DA:58,9
DA:59,9
DA:60,9
DA:61,9
DA:62,9
DA:63,9
DA:64,9
DA:65,9
DA:66,9
DA:67,9
DA:68,9
DA:69,9
DA:70,27
DA:71,27
DA:72,27
DA:73,27
DA:74,9
DA:75,9
DA:76,9
DA:77,9
DA:78,9
LF:78
LH:78
BRDA:1,0,0,47
BRDA:20,1,0,9
BRDA:21,2,0,36
BRDA:56,3,0,9
BRDA:69,4,0,27
BRDA:70,5,0,0
BRDA:65,6,0,27
BRDA:65,7,0,4
BRDA:71,8,0,93
BRDA:71,9,0,30
BRF:10
BRH:9
end_of_record
TN:
SF:src/core/json/placeholders.js
FN:15,extractPlaceholders
FNF:1
FNH:1
FNDA:37,extractPlaceholders
DA:1,45
DA:2,45
DA:3,45
DA:4,45
DA:5,45
DA:6,45
DA:7,45
DA:8,45
DA:9,45
DA:10,45
DA:11,45
DA:12,45
DA:13,45
DA:14,45
DA:15,45
DA:16,37
DA:17,37
DA:18,37
DA:19,37
DA:20,37
DA:21,20
DA:22,20
DA:23,37
DA:24,37
LF:24
LH:24
BRDA:1,0,0,45
BRDA:15,1,0,37
BRDA:17,2,0,0
BRDA:20,3,0,20
BRF:4
BRH:3
end_of_record
TN:
SF:src/core/json/structure.js
FN:12,isPlainObject
FN:24,validateJsonStructure
FN:51,ensureObjectBranch
FN:62,setNestedValue
FN:79,flattenTranslations
FNF:5
FNH:5
FNDA:217,isPlainObject
FNDA:136,validateJsonStructure
FNDA:56,ensureObjectBranch
FNDA:123,setNestedValue
FNDA:129,flattenTranslations
DA:1,46
DA:2,46
DA:3,46
DA:4,46
DA:5,46
DA:6,46
DA:7,46
DA:8,46
DA:9,46
DA:10,46
DA:11,46
DA:12,217
DA:13,217
DA:14,217
DA:15,46
DA:16,46
DA:17,46
DA:18,46
DA:19,46
DA:20,46
DA:21,46
DA:22,46
DA:23,46
DA:24,46
DA:25,136
DA:26,3
DA:27,3
DA:28,3
DA:29,3
DA:30,133
DA:31,136
DA:32,201
DA:33,201
DA:34,115
DA:35,80
DA:36,80
DA:37,80
DA:38,201
DA:39,201
DA:40,201
DA:41,201
DA:42,201
DA:43,136
DA:44,46
DA:45,46
DA:46,46
DA:47,46
DA:48,46
DA:49,46
DA:50,46
DA:51,46
DA:52,56
DA:53,56
DA:54,46
DA:55,46
DA:56,46
DA:57,46
DA:58,46
DA:59,46
DA:60,46
DA:61,46
DA:62,46
DA:63,123
DA:64,67
DA:65,67
DA:66,67
DA:67,56
DA:68,56
DA:69,56
DA:70,123
DA:71,46
DA:72,46
DA:73,46
DA:74,46
DA:75,46
DA:76,46
DA:77,46
DA:78,46
DA:79,46
DA:80,129
DA:81,197
DA:82,197
DA:83,78
DA:84,197
DA:85,119
DA:86,119
DA:87,197
DA:88,129
LF:88
LH:88
BRDA:1,0,0,46
BRDA:12,1,0,217
BRDA:13,2,0,214
BRDA:13,3,0,214
BRDA:24,4,0,136
BRDA:25,5,0,3
BRDA:30,6,0,133
BRDA:31,7,0,201
BRDA:32,8,0,112
BRDA:32,9,0,89
BRDA:33,10,0,120
BRDA:34,11,0,198
BRDA:34,12,0,115
BRDA:34,13,0,81
BRDA:34,14,0,80
BRDA:38,15,0,1
BRDA:38,16,0,0
BRDA:43,17,0,131
BRDA:51,18,0,56
BRDA:52,19,0,17
BRDA:52,20,0,39
BRDA:62,21,0,123
BRDA:63,22,0,109
BRDA:63,23,0,67
BRDA:67,24,0,56
BRDA:79,25,0,129
BRDA:80,26,0,197
BRDA:81,27,0,111
BRDA:81,28,0,86
BRDA:82,29,0,78
BRDA:82,30,0,78
BRDA:84,31,0,119
BRF:32
BRH:31
end_of_record
TN:
SF:src/core/languages/mapping.js
FN:16,createReverseLanguageMap
FN:36,generateDefaultLanguageMap
FNF:2
FNH:2
FNDA:25,createReverseLanguageMap
FNDA:12,generateDefaultLanguageMap
DA:1,46
DA:2,46
DA:3,46
DA:4,46
DA:5,46
DA:6,46
DA:7,46
DA:8,46
DA:9,46
DA:10,46
DA:11,46
DA:12,46
DA:13,46
DA:14,46
DA:15,46
DA:16,46
DA:17,25
DA:18,25
DA:19,155
DA:20,155
DA:21,25
DA:22,25
DA:23,46
DA:24,46
DA:25,46
DA:26,46
DA:27,46
DA:28,46
DA:29,46
DA:30,46
DA:31,46
DA:32,46
DA:33,46
DA:34,46
DA:35,46
DA:36,46
DA:37,12
DA:38,12
DA:39,12
DA:40,12
DA:41,12
DA:42,12
DA:43,12
DA:44,12
DA:45,12
DA:46,12
DA:47,12
DA:48,12
DA:49,12
DA:50,12
DA:51,12
DA:52,12
DA:53,12
DA:54,12
DA:55,12
DA:56,12
DA:57,12
DA:58,12
DA:59,12
DA:60,12
DA:61,12
DA:62,12
DA:63,12
DA:64,12
DA:65,12
DA:66,12
DA:67,12
DA:68,12
DA:69,12
DA:70,12
DA:71,12
DA:72,12
DA:73,12
DA:74,12
DA:75,12
DA:76,12
DA:77,12
DA:78,12
DA:79,12
DA:80,12
DA:81,12
DA:82,12
DA:83,12
DA:84,12
DA:85,12
DA:86,12
DA:87,12
DA:88,12
DA:89,12
DA:90,12
DA:91,12
DA:92,24
DA:93,24
DA:94,24
DA:95,12
DA:96,12
LF:96
LH:96
BRDA:1,0,0,46
BRDA:16,1,0,25
BRDA:18,2,0,1
BRDA:18,3,0,155
BRDA:36,4,0,12
BRDA:91,5,0,1
BRDA:91,6,0,24
BRDA:93,7,0,6
BRF:8
BRH:8
end_of_record
TN:
SF:src/core/model/translationTable.js
FN:16,buildTranslationTableFromJsonFiles
FNF:1
FNH:1
FNDA:17,buildTranslationTableFromJsonFiles
DA:1,45
DA:2,45
DA:3,45
DA:4,45
DA:5,45
DA:6,45
DA:7,45
DA:8,45
DA:9,45
DA:10,45
DA:11,45
DA:12,45
DA:13,45
DA:14,45
DA:15,45
DA:16,45
DA:17,17
DA:18,17
DA:19,17
DA:20,17
DA:21,50
DA:22,50
DA:23,50
DA:24,50
DA:25,50
DA:26,116
DA:27,50
DA:28,50
DA:29,116
DA:30,50
DA:31,50
DA:32,17
DA:33,17
DA:34,17
DA:35,17
DA:36,17
DA:37,17
LF:37
LH:37
BRDA:1,0,0,45
BRDA:16,1,0,17
BRDA:20,2,0,50
BRDA:25,3,0,116
BRDA:26,4,0,50
BRF:5
BRH:5
end_of_record
TN:
SF:src/core/report/translationReport.js
FN:18,computeMissingLangs
FN:31,buildPlaceholderMap
FN:44,collectAllPlaceholders
FN:60,hasPlaceholderInconsistency
FN:76,generateTranslationReport
FNF:5
FNH:5
FNDA:13,computeMissingLangs
FNDA:13,buildPlaceholderMap
FNDA:13,collectAllPlaceholders
FNDA:13,hasPlaceholderInconsistency
FNDA:7,generateTranslationReport
DA:1,45
DA:2,45
DA:3,45
DA:4,45
DA:5,45
DA:6,45
DA:7,45
DA:8,45
DA:9,45
DA:10,45
DA:11,45
DA:12,45
DA:13,45
DA:14,45
DA:15,45
DA:16,45
DA:17,45
DA:18,45
DA:19,13
DA:20,13
DA:21,33
DA:22,13
DA:23,45
DA:24,45
DA:25,45
DA:26,45
DA:27,45
DA:28,45
DA:29,45
DA:30,45
DA:31,45
DA:32,13
DA:33,13
DA:34,33
DA:35,33
DA:36,13
DA:37,45
DA:38,45
DA:39,45
DA:40,45
DA:41,45
DA:42,45
DA:43,45
DA:44,45
DA:45,13
DA:46,13
DA:47,33
DA:48,33
DA:49,13
DA:50,45
DA:51,45
DA:52,45
DA:53,45
DA:54,45
DA:55,45
DA:56,45
DA:57,45
DA:58,45
DA:59,45
DA:60,45
DA:61,13
DA:62,13
DA:63,13
DA:64,13
DA:65,13
DA:66,13
DA:67,45
DA:68,45
DA:69,45
DA:70,45
DA:71,45
DA:72,45
DA:73,45
DA:74,45
DA:75,45
DA:76,45
DA:77,7
DA:78,7
DA:79,7
DA:80,7
DA:81,7
DA:82,7
DA:83,13
DA:84,13
DA:85,13
DA:86,13
DA:87,13
DA:88,13
DA:89,13
DA:90,13
DA:91,13
DA:92,13
DA:93,13
DA:94,13
DA:95,13
DA:96,13
DA:97,3
DA:98,3
DA:99,13
DA:100,7
DA:101,7
DA:102,7
LF:102
LH:102
BRDA:1,0,0,45
BRDA:18,1,0,13
BRDA:20,2,0,33
BRDA:21,3,0,26
BRDA:31,4,0,13
BRDA:33,5,0,33
BRDA:35,6,0,7
BRDA:44,7,0,13
BRDA:46,8,0,33
BRDA:47,9,0,15
BRDA:60,10,0,13
BRDA:65,11,0,32
BRDA:66,12,0,17
BRDA:76,13,0,7
BRDA:82,14,0,13
BRDA:85,15,0,7
BRDA:88,16,0,0
BRDA:96,17,0,3
BRF:18
BRH:17
end_of_record
TN:
SF:src/io/config.js
FN:40,loadValidatedConfig
FN:57,validateConfigObject
FNF:2
FNH:2
FNDA:2,loadValidatedConfig
FNDA:34,validateConfigObject
DA:1,45
DA:2,45
DA:3,45
DA:4,45
DA:5,45
DA:6,45
DA:7,45
DA:8,45
DA:9,45
DA:10,45
DA:11,45
DA:12,45
DA:13,45
DA:14,45
DA:15,45
DA:16,45
DA:17,45
DA:18,45
DA:19,45
DA:20,45
DA:21,45
DA:22,45
DA:23,45
DA:24,45
DA:25,45
DA:26,45
DA:27,45
DA:28,45
DA:29,45
DA:30,45
DA:31,45
DA:32,45
DA:33,45
DA:34,45
DA:35,45
DA:36,45
DA:37,45
DA:38,45
DA:39,45
DA:40,45
DA:41,2
DA:42,2
DA:43,2
DA:44,2
DA:45,2
DA:46,1
DA:47,1
DA:48,1
DA:49,2
DA:50,45
DA:51,45
DA:52,45
DA:53,45
DA:54,45
DA:55,45
DA:56,45
DA:57,45
DA:58,34
DA:59,34
DA:60,34
DA:61,34
DA:62,34
DA:63,1
DA:64,1
DA:65,1
DA:66,1
DA:67,1
DA:68,33
DA:69,34
LF:69
LH:69
BRDA:1,0,0,45
BRDA:40,1,0,2
BRDA:45,2,0,1
BRDA:57,3,0,34
BRDA:62,4,0,1
BRDA:68,5,0,33
BRDA:64,6,0,1
BRF:7
BRH:7
end_of_record
TN:
SF:src/io/excel.js
FN:13,createWorkbook
FN:24,readWorkbook
FN:34,writeWorkbook
FNF:3
FNH:3
FNDA:21,createWorkbook
FNDA:24,readWorkbook
FNDA:8,writeWorkbook
DA:1,45
DA:2,45
DA:3,45
DA:4,45
DA:5,45
DA:6,45
DA:7,45
DA:8,45
DA:9,45
DA:10,45
DA:11,45
DA:12,45
DA:13,45
DA:14,21
DA:15,21
DA:16,45
DA:17,45
DA:18,45
DA:19,45
DA:20,45
DA:21,45
DA:22,45
DA:23,45
DA:24,45
DA:25,24
DA:26,24
DA:27,45
DA:28,45
DA:29,45
DA:30,45
DA:31,45
DA:32,45
DA:33,45
DA:34,45
DA:35,8
DA:36,8
DA:37,45
DA:38,45
LF:38
LH:38
BRDA:1,0,0,45
BRDA:13,1,0,21
BRDA:24,2,0,24
BRDA:26,3,0,18
BRDA:34,4,0,8
BRF:5
BRH:5
end_of_record
TN:
SF:src/io/fs.js
FN:21,ensureDirectoryExists
FN:37,checkFileExists
FN:57,loadJsonFile
FN:78,writeJsonFile
FN:95,readDirJsonFiles
FNF:5
FNH:5
FNDA:19,ensureDirectoryExists
FNDA:32,checkFileExists
FNDA:92,loadJsonFile
FNDA:25,writeJsonFile
FNDA:41,readDirJsonFiles
DA:1,46
DA:2,46
DA:3,46
DA:4,46
DA:5,46
DA:6,46
DA:7,46
DA:8,46
DA:9,46
DA:10,46
DA:11,46
DA:12,46
DA:13,46
DA:14,46
DA:15,46
DA:16,46
DA:17,46
DA:18,46
DA:19,46
DA:20,46
DA:21,46
DA:22,19
DA:23,19
DA:24,19
DA:25,19
DA:26,46
DA:27,46
DA:28,46
DA:29,46
DA:30,46
DA:31,46
DA:32,46
DA:33,46
DA:34,46
DA:35,46
DA:36,46
DA:37,46
DA:38,32
DA:39,32
DA:40,32
DA:41,32
DA:42,32
DA:43,2
DA:44,2
DA:45,32
DA:46,46
DA:47,46
DA:48,46
DA:49,46
DA:50,46
DA:51,46
DA:52,46
DA:53,46
DA:54,46
DA:55,46
DA:56,46
DA:57,46
DA:58,92
DA:59,92
DA:60,92
DA:61,92
DA:62,92
DA:63,92
DA:64,4
DA:65,4
DA:66,92
DA:67,46
DA:68,46
DA:69,46
DA:70,46
DA:71,46
DA:72,46
DA:73,46
DA:74,46
DA:75,46
DA:76,46
DA:77,46
DA:78,46
DA:79,25
DA:80,25
DA:81,25
DA:82,25
DA:83,46
DA:84,46
DA:85,46
DA:86,46
DA:87,46
DA:88,46
DA:89,46
DA:90,46
DA:91,46
DA:92,46
DA:93,46
DA:94,46
DA:95,46
DA:96,41
DA:97,41
DA:98,41
DA:99,39
DA:100,39
DA:101,40
DA:102,90
DA:103,90
DA:104,87
DA:105,87
DA:106,36
DA:107,41
LF:107
LH:107
BRDA:1,0,0,46
BRDA:21,1,0,19
BRDA:37,2,0,32
BRDA:42,3,0,30
BRDA:42,4,0,2
BRDA:57,5,0,92
BRDA:63,6,0,4
BRDA:78,7,0,25
BRDA:95,8,0,41
BRDA:99,9,0,40
BRDA:99,10,0,39
BRDA:101,11,0,90
BRDA:104,12,0,87
BRDA:106,13,0,36
BRDA:99,14,0,107
BRF:15
BRH:15
end_of_record
TN:
SF:src/io/paths.js
FN:20,toCanonicalPath
FN:54,safeJoinWithin
FNF:2
FNH:2
FNDA:42,toCanonicalPath
FNDA:21,safeJoinWithin
DA:1,46
DA:2,46
DA:3,46
DA:4,46
DA:5,46
DA:6,46
DA:7,46
DA:8,46
DA:9,46
DA:10,46
DA:11,46
DA:12,46
DA:13,46
DA:14,46
DA:15,46
DA:16,46
DA:17,46
DA:18,46
DA:19,46
DA:20,42
DA:21,42
DA:22,42
DA:23,42
DA:24,23
DA:25,23
DA:26,26
DA:27,26
DA:28,26
DA:29,26
DA:30,3
DA:31,3
DA:32,0
DA:33,0
DA:34,3
DA:35,3
DA:36,26
DA:37,23
DA:38,42
DA:39,46
DA:40,46
DA:41,46
DA:42,46
DA:43,46
DA:44,46
DA:45,46
DA:46,46
DA:47,46
DA:48,46
DA:49,46
DA:50,46
DA:51,46
DA:52,46
DA:53,46
DA:54,46
DA:55,21
DA:56,21
DA:57,21
DA:58,21
DA:59,21
DA:60,21
DA:61,21
DA:62,21
DA:63,21
DA:64,21
DA:65,21
DA:66,2
DA:67,2
DA:68,19
DA:69,21
LF:69
LH:67
BRDA:1,0,0,46
BRDA:20,1,0,42
BRDA:23,2,0,23
BRDA:25,3,0,26
BRDA:29,4,0,3
BRDA:31,5,0,0
BRDA:54,6,0,21
BRDA:64,7,0,0
BRDA:65,8,0,19
BRDA:65,9,0,2
BRDA:68,10,0,19
BRF:11
BRH:9
end_of_record
TN:
SF:src/providers/base.js
FN:14,TranslationError
FN:36,translateBatch
FNF:2
FNH:1
FNDA:9,TranslationError
FNDA:0,translateBatch
DA:1,47
DA:2,47
DA:3,47
DA:4,47
DA:5,47
DA:6,47
DA:7,47
DA:8,47
DA:9,47
DA:10,47
DA:11,47
DA:12,47
DA:13,47
DA:14,47
DA:15,9
DA:16,9
DA:17,9
DA:18,9
DA:19,47
DA:20,47
DA:21,47
DA:22,47
DA:23,47
DA:24,47
DA:25,47
DA:26,47
DA:27,47
DA:28,47
DA:29,47
DA:30,47
DA:31,47
DA:32,47
DA:33,47
DA:34,47
DA:35,47
DA:36,47
DA:37,0
DA:38,0
DA:39,47
LF:39
LH:37
BRDA:1,0,0,47
BRDA:14,1,0,9
BRDA:17,2,0,7
BRF:3
BRH:3
end_of_record
TN:
SF:src/providers/gemini.provider.js
FN:19,GeminiProvider
FN:31,translateBatch
FNF:2
FNH:2
FNDA:20,GeminiProvider
FNDA:10,translateBatch
DA:1,47
DA:2,47
DA:3,47
DA:4,47
DA:5,47
DA:6,47
DA:7,47
DA:8,47
DA:9,47
DA:10,47
DA:11,47
DA:12,47
DA:13,47
DA:14,47
DA:15,47
DA:16,47
DA:17,47
DA:18,47
DA:19,47
DA:20,20
DA:21,20
DA:22,20
DA:23,20
DA:24,47
DA:25,47
DA:26,47
DA:27,47
DA:28,47
DA:29,47
DA:30,47
DA:31,47
DA:32,10
DA:33,9
DA:34,9
DA:35,9
DA:36,9
DA:37,9
DA:38,9
DA:39,9
DA:40,9
DA:41,9
DA:42,9
DA:43,9
DA:44,9
DA:45,9
DA:46,9
DA:47,9
DA:48,9
DA:49,9
DA:50,9
DA:51,9
DA:52,9
DA:53,9
DA:54,9
DA:55,9
DA:56,9
DA:57,9
DA:58,9
DA:59,9
DA:60,9
DA:61,9
DA:62,7
DA:63,10
DA:64,10
DA:65,2
DA:66,2
DA:67,5
DA:68,5
DA:69,9
DA:70,2
DA:71,2
DA:72,2
DA:73,2
DA:74,2
DA:75,9
DA:76,1
DA:77,1
DA:78,1
DA:79,1
DA:80,2
DA:81,2
DA:82,10
DA:83,7
DA:84,7
DA:85,10
DA:86,47
LF:86
LH:86
BRDA:1,0,0,47
BRDA:19,1,0,20
BRDA:31,2,0,10
BRDA:32,3,0,1
BRDA:33,4,0,9
BRDA:62,5,0,7
BRDA:64,6,0,9
BRDA:64,7,0,2
BRDA:67,8,0,5
BRDA:69,9,0,2
BRDA:75,10,0,1
BRDA:80,11,0,2
BRDA:82,12,0,7
BRF:13
BRH:13
end_of_record
TN:
SF:src/providers/index.js
FN:25,toCanonicalPath
FN:43,assertPathWithinCwd
FN:64,getBuiltInProvider
FN:82,createBuiltInProvider
FN:100,loadCustomProvider
FNF:5
FNH:5
FNDA:8,toCanonicalPath
FNDA:6,assertPathWithinCwd
FNDA:9,getBuiltInProvider
FNDA:7,createBuiltInProvider
FNDA:8,loadCustomProvider
DA:1,46
DA:2,46
DA:3,46
DA:4,46
DA:5,46
DA:6,46
DA:7,46
DA:8,46
DA:9,46
DA:10,46
DA:11,46
DA:12,46
DA:13,46
DA:14,46
DA:15,46
DA:16,46
DA:17,46
DA:18,46
DA:19,46
DA:20,46
DA:21,46
DA:22,46
DA:23,46
DA:24,46
DA:25,8
DA:26,8
DA:27,8
DA:28,8
DA:29,1
DA:30,1
DA:31,1
DA:32,8
DA:33,46
DA:34,46
DA:35,46
DA:36,46
DA:37,46
DA:38,46
DA:39,46
DA:40,46
DA:41,46
DA:42,46
DA:43,6
DA:44,6
DA:45,6
DA:46,6
DA:47,6
DA:48,6
DA:49,6
DA:50,6
DA:51,6
DA:52,2
DA:53,2
DA:54,2
DA:55,2
DA:56,4
DA:57,6
DA:58,46
DA:59,46
DA:60,46
DA:61,46
DA:62,46
DA:63,46
DA:64,46
DA:65,9
DA:66,9
DA:67,9
DA:68,1
DA:69,1
DA:70,1
DA:71,1
DA:72,8
DA:73,9
DA:74,46
DA:75,46
DA:76,46
DA:77,46
DA:78,46
DA:79,46
DA:80,46
DA:81,46
DA:82,46
DA:83,7
DA:84,7
DA:85,7
DA:86,46
DA:87,46
DA:88,46
DA:89,46
DA:90,46
DA:91,46
DA:92,46
DA:93,46
DA:94,46
DA:95,46
DA:96,46
DA:97,46
DA:98,46
DA:99,46
DA:100,46
DA:101,8
DA:102,8
DA:103,8
DA:104,8
DA:105,8
DA:106,8
DA:107,8
DA:108,8
DA:109,8
DA:110,8
DA:111,8
DA:112,5
DA:113,5
DA:114,5
DA:115,1
DA:116,1
DA:117,1
DA:118,1
DA:119,4
DA:120,4
DA:121,8
DA:122,1
DA:123,1
DA:124,1
DA:125,1
DA:126,3
DA:127,3
DA:128,8
DA:129,46
DA:130,46
DA:131,46
LF:131
LH:131
BRDA:1,0,0,46
BRDA:25,1,0,8
BRDA:28,2,0,1
BRDA:43,3,0,6
BRDA:50,4,0,4
BRDA:51,5,0,4
BRDA:51,6,0,2
BRDA:64,7,0,9
BRDA:65,8,0,0
BRDA:67,9,0,1
BRDA:72,10,0,8
BRDA:82,11,0,7
BRDA:100,12,0,8
BRDA:109,13,0,2
BRDA:110,14,0,6
BRDA:112,15,0,5
BRDA:114,16,0,1
BRDA:119,17,0,4
BRDA:121,18,0,6
BRDA:121,19,0,1
BRDA:126,20,0,3
BRF:21
BRH:20
end_of_record
TN:
SF:src/reporters/console.js
FN:17,printSection
FN:42,print
FN:83,warn
FNF:3
FNH:3
FNDA:8,printSection
FNDA:6,print
FNDA:1,warn
DA:1,46
DA:2,46
DA:3,46
DA:4,46
DA:5,46
DA:6,46
DA:7,46
DA:8,46
DA:9,46
DA:10,46
DA:11,46
DA:12,46
DA:13,46
DA:14,46
DA:15,46
DA:16,46
DA:17,46
DA:18,8
DA:19,3
DA:20,8
DA:21,9
DA:22,9
DA:23,46
DA:24,46
DA:25,46
DA:26,46
DA:27,46
DA:28,46
DA:29,46
DA:30,46
DA:31,46
DA:32,46
DA:33,46
DA:34,46
DA:35,46
DA:36,46
DA:37,46
DA:38,46
DA:39,46
DA:40,46
DA:41,46
DA:42,46
DA:43,6
DA:44,6
DA:45,6
DA:46,6
DA:47,6
DA:48,6
DA:49,2
DA:50,2
DA:51,2
DA:52,2
DA:53,2
DA:54,4
DA:55,4
DA:56,4
DA:57,4
DA:58,4
DA:59,4
DA:60,4
DA:61,4
DA:62,4
DA:63,4
DA:64,4
DA:65,4
DA:66,4
DA:67,6
DA:68,2
DA:69,2
DA:70,2
DA:71,2
DA:72,6
DA:73,6
DA:74,2
DA:75,2
DA:76,46
DA:77,46
DA:78,46
DA:79,46
DA:80,46
DA:81,46
DA:82,46
DA:83,46
DA:84,1
DA:85,46
DA:86,46
LF:86
LH:86
BRDA:1,0,0,46
BRDA:17,1,0,8
BRDA:18,2,0,7
BRDA:18,3,0,5
BRDA:19,4,0,3
BRDA:20,5,0,9
BRDA:23,6,0,3
BRDA:42,7,0,6
BRDA:44,8,0,4
BRDA:45,9,0,3
BRDA:48,10,0,5
BRDA:48,11,0,2
BRDA:54,12,0,4
BRDA:67,13,0,2
BRDA:71,14,0,6
BRDA:58,15,0,7
BRDA:64,16,0,2
BRDA:83,17,0,1
BRF:18
BRH:18
end_of_record
TN:
SF:src/reporters/json.js
FN:27,jsonFileReporter
FN:37,print
FN:46,warn
FNF:3
FNH:3
FNDA:2,jsonFileReporter
FNDA:1,print
FNDA:1,warn
DA:1,45
DA:2,45
DA:3,45
DA:4,45
DA:5,45
DA:6,45
DA:7,45
DA:8,45
DA:9,45
DA:10,45
DA:11,45
DA:12,45
DA:13,45
DA:14,45
DA:15,45
DA:16,45
DA:17,45
DA:18,45
DA:19,45
DA:20,45
DA:21,45
DA:22,45
DA:23,45
DA:24,45
DA:25,45
DA:26,45
DA:27,45
DA:28,2
DA:29,2
DA:30,2
DA:31,2
DA:32,2
DA:33,2
DA:34,2
DA:35,2
DA:36,2
DA:37,2
DA:38,1
DA:39,1
DA:40,2
DA:41,2
DA:42,2
DA:43,2
DA:44,2
DA:45,2
DA:46,2
DA:47,1
DA:48,2
DA:49,2
DA:50,2
LF:50
LH:50
BRDA:1,0,0,45
BRDA:27,1,0,2
BRDA:37,2,0,1
BRDA:46,3,0,1
BRF:4
BRH:4
end_of_record
TN:
SF:src/reporters/sarif.js
FN:14,buildSarifReport
FNF:1
FNH:1
FNDA:5,buildSarifReport
DA:1,37
DA:2,37
DA:3,37
DA:4,37
DA:5,37
DA:6,37
DA:7,37
DA:8,37
DA:9,37
DA:10,37
DA:11,37
DA:12,37
DA:13,37
DA:14,37
DA:15,5
DA:16,5
DA:17,5
DA:18,4
DA:19,3
DA:20,3
DA:21,3
DA:22,3
DA:23,3
DA:24,3
DA:25,3
DA:26,3
DA:27,3
DA:28,3
DA:29,3
DA:30,3
DA:31,3
DA:32,3
DA:33,3
DA:34,3
DA:35,3
DA:36,3
DA:37,4
DA:38,4
DA:39,2
DA:40,2
DA:41,2
DA:42,2
DA:43,2
DA:44,2
DA:45,2
DA:46,2
DA:47,2
DA:48,2
DA:49,2
DA:50,2
DA:51,2
DA:52,2
DA:53,2
DA:54,2
DA:55,2
DA:56,2
DA:57,4
DA:58,5
DA:59,5
DA:60,5
DA:61,5
DA:62,5
DA:63,5
DA:64,5
DA:65,5
DA:66,5
DA:67,5
DA:68,5
DA:69,5
DA:70,5
DA:71,5
DA:72,5
DA:73,5
DA:74,5
DA:75,5
DA:76,5
DA:77,5
DA:78,5
DA:79,5
DA:80,5
DA:81,5
DA:82,5
DA:83,5
DA:84,5
DA:85,5
DA:86,5
DA:87,5
DA:88,5
DA:89,5
DA:90,5
DA:91,5
DA:92,5
DA:93,5
DA:94,5
DA:95,5
LF:95
LH:95
BRDA:1,0,0,37
BRDA:14,1,0,5
BRDA:17,2,0,4
BRDA:18,3,0,3
BRDA:38,4,0,2
BRF:5
BRH:5
end_of_record
