TN:
SF:cli.js
FN:45,tryLoadLocalConfig
FN:75,displayHeader
FN:159,main
FN:181,isExecutedDirectly
FNF:4
FNH:4
FNDA:15,tryLoadLocalConfig
FNDA:11,displayHeader
FNDA:13,main
FNDA:15,isExecutedDirectly
DA:1,15
DA:2,15
DA:3,15
DA:4,15
DA:5,15
DA:6,15
DA:7,15
DA:8,15
DA:9,15
DA:10,15
DA:11,15
DA:12,15
DA:13,15
DA:14,15
DA:15,15
DA:16,15
DA:17,15
DA:18,15
DA:19,15
DA:20,15
DA:21,15
DA:22,15
DA:23,15
DA:24,15
DA:25,15
DA:26,15
DA:27,15
DA:28,15
DA:29,15
DA:30,15
DA:31,15
DA:32,15
DA:33,15
DA:34,15
DA:35,15
DA:36,15
DA:37,15
DA:38,15
DA:39,15
DA:40,15
DA:41,15
DA:42,15
DA:43,15
DA:44,15
DA:45,15
DA:46,15
DA:47,15
DA:48,15
DA:49,15
DA:50,15
DA:51,15
DA:52,15
DA:53,15
DA:54,15
DA:55,0
DA:56,0
DA:57,0
DA:58,15
DA:59,15
DA:60,15
DA:61,15
DA:62,15
DA:63,15
DA:64,0
DA:65,0
DA:66,0
DA:67,0
DA:68,15
DA:69,15
DA:70,15
DA:71,15
DA:72,15
DA:73,15
DA:74,15
DA:75,15
DA:76,11
DA:77,11
DA:78,11
DA:79,11
DA:80,11
DA:81,11
DA:82,11
DA:83,11
DA:84,15
DA:85,15
DA:86,15
DA:87,15
DA:88,15
DA:89,15
DA:90,15
DA:91,15
DA:92,15
DA:93,15
DA:94,15
DA:95,15
DA:96,15
DA:97,15
DA:98,15
DA:99,15
DA:100,15
DA:101,15
DA:102,15
DA:103,15
DA:104,3
DA:105,3
DA:106,3
DA:107,3
DA:108,3
DA:109,3
DA:110,3
DA:111,3
DA:112,15
DA:113,15
DA:114,15
DA:115,15
DA:116,15
DA:117,15
DA:118,15
DA:119,15
DA:120,15
DA:121,15
DA:122,15
DA:123,15
DA:124,15
DA:125,4
DA:126,4
DA:127,4
DA:128,4
DA:129,4
DA:130,4
DA:131,4
DA:132,4
DA:133,15
DA:134,15
DA:135,15
DA:136,15
DA:137,15
DA:138,15
DA:139,15
DA:140,15
DA:141,15
DA:142,15
DA:143,15
DA:144,3
DA:145,3
DA:146,3
DA:147,3
DA:148,3
DA:149,3
DA:150,3
DA:151,3
DA:152,15
DA:153,15
DA:154,15
DA:155,15
DA:156,15
DA:157,15
DA:158,15
DA:159,13
DA:160,13
DA:161,13
DA:162,0
DA:163,0
DA:164,0
DA:165,0
DA:166,13
DA:167,13
DA:168,13
DA:169,13
DA:170,15
DA:171,15
DA:172,15
DA:173,0
DA:174,0
DA:175,0
DA:176,15
DA:177,15
DA:178,15
DA:179,15
DA:180,15
DA:181,15
DA:182,15
DA:183,15
DA:184,15
DA:185,14
DA:186,14
DA:187,14
DA:188,14
DA:189,14
DA:190,14
DA:191,14
DA:192,0
DA:193,0
DA:194,0
DA:195,15
DA:196,15
DA:197,15
DA:198,13
DA:199,0
DA:200,0
DA:201,13
DA:202,13
DA:203,15
DA:204,15
LF:204
LH:185
BRDA:1,0,0,15
BRDA:63,1,0,0
BRDA:197,2,0,13
BRDA:45,3,0,15
BRDA:49,4,0,0
BRDA:54,5,0,0
BRDA:75,6,0,11
BRDA:103,7,0,3
BRDA:109,8,0,0
BRDA:124,9,0,4
BRDA:130,10,0,0
BRDA:143,11,0,3
BRDA:149,12,0,0
BRDA:159,13,0,13
BRDA:161,14,0,0
BRDA:181,15,0,15
BRDA:184,16,0,1
BRDA:185,17,0,14
BRDA:191,18,0,0
BRF:19
BRH:11
end_of_record
TN:
SF:src/index.js
FN:31,convertToExcel
FN:48,convertToJson
FNF:2
FNH:2
FNDA:10,convertToExcel
FNDA:13,convertToJson
DA:1,22
DA:2,22
DA:3,22
DA:4,22
DA:5,22
DA:6,22
DA:7,22
DA:8,22
DA:9,22
DA:10,22
DA:11,22
DA:12,22
DA:13,22
DA:14,22
DA:15,22
DA:16,22
DA:17,22
DA:18,22
DA:19,22
DA:20,22
DA:21,22
DA:22,22
DA:23,22
DA:24,22
DA:25,22
DA:26,22
DA:27,22
DA:28,22
DA:29,22
DA:30,22
DA:31,22
DA:32,10
DA:33,10
DA:34,10
DA:35,10
DA:36,10
DA:37,10
DA:38,10
DA:39,10
DA:40,22
DA:41,22
DA:42,22
DA:43,22
DA:44,22
DA:45,22
DA:46,22
DA:47,22
DA:48,22
DA:49,13
DA:50,13
DA:51,13
DA:52,13
DA:53,13
DA:54,13
DA:55,13
DA:56,13
DA:57,22
DA:58,22
DA:59,22
DA:60,22
DA:61,22
DA:62,22
LF:62
LH:62
BRDA:1,0,0,22
BRDA:31,1,0,10
BRDA:48,2,0,13
BRF:3
BRH:3
end_of_record
TN:
SF:src/app/convert.js
FN:32,convertToExcelApp
FN:100,convertToJsonApp
FNF:2
FNH:2
FNDA:13,convertToExcelApp
FNDA:18,convertToJsonApp
DA:1,24
DA:2,24
DA:3,24
DA:4,24
DA:5,24
DA:6,24
DA:7,24
DA:8,24
DA:9,24
DA:10,24
DA:11,24
DA:12,24
DA:13,24
DA:14,24
DA:15,24
DA:16,24
DA:17,24
DA:18,24
DA:19,24
DA:20,24
DA:21,24
DA:22,24
DA:23,24
DA:24,24
DA:25,24
DA:26,24
DA:27,24
DA:28,24
DA:29,24
DA:30,24
DA:31,24
DA:32,24
DA:33,13
DA:34,13
DA:35,13
DA:36,13
DA:37,13
DA:38,13
DA:39,13
DA:40,13
DA:41,13
DA:42,13
DA:43,13
DA:44,13
DA:45,13
DA:46,13
DA:47,13
DA:48,1
DA:49,1
DA:50,12
DA:51,12
DA:52,12
DA:53,12
DA:54,12
DA:55,41
DA:56,41
DA:57,41
DA:58,41
DA:59,99
DA:60,99
DA:61,41
DA:62,41
DA:63,12
DA:64,12
DA:65,12
DA:66,12
DA:67,6
DA:68,2
DA:69,2
DA:70,2
DA:71,6
DA:72,6
DA:73,6
DA:74,6
DA:75,6
DA:76,6
DA:77,6
DA:78,6
DA:79,6
DA:80,6
DA:81,6
DA:82,6
DA:83,6
DA:84,13
DA:85,24
DA:86,24
DA:87,24
DA:88,24
DA:89,24
DA:90,24
DA:91,24
DA:92,24
DA:93,24
DA:94,24
DA:95,24
DA:96,24
DA:97,24
DA:98,24
DA:99,24
DA:100,24
DA:101,18
DA:102,18
DA:103,18
DA:104,18
DA:105,18
DA:106,18
DA:107,18
DA:108,18
DA:109,18
DA:110,18
DA:111,18
DA:112,18
DA:113,18
DA:114,18
DA:115,18
DA:116,18
DA:117,18
DA:118,18
DA:119,18
DA:120,18
DA:121,18
DA:122,17
DA:123,17
DA:124,17
DA:125,17
DA:126,17
DA:127,7
DA:128,7
DA:129,1
DA:130,1
DA:131,10
DA:132,10
DA:133,7
DA:134,16
DA:135,16
DA:136,16
DA:137,16
DA:138,7
DA:139,18
LF:139
LH:139
BRDA:1,0,0,24
BRDA:32,1,0,13
BRDA:47,2,0,1
BRDA:50,3,0,12
BRDA:54,4,0,41
BRDA:66,5,0,6
BRDA:67,6,0,2
BRDA:58,7,0,99
BRDA:59,8,0,41
BRDA:100,9,0,18
BRDA:115,10,0,15
BRDA:121,11,0,1
BRDA:122,12,0,17
BRDA:126,13,0,7
BRDA:128,14,0,6
BRDA:129,15,0,1
BRDA:131,16,0,10
BRDA:132,17,0,7
BRDA:133,18,0,16
BRF:19
BRH:19
end_of_record
TN:
SF:src/cli/commands.js
FN:41,runI18nToExcel
FN:65,runExcelToI18n
FN:99,processCliOptions
FNF:3
FNH:3
FNDA:6,runI18nToExcel
FNDA:7,runExcelToI18n
FNDA:18,processCliOptions
DA:1,16
DA:2,16
DA:3,16
DA:4,16
DA:5,16
DA:6,16
DA:7,16
DA:8,16
DA:9,16
DA:10,16
DA:11,16
DA:12,16
DA:13,16
DA:14,16
DA:15,16
DA:16,16
DA:17,16
DA:18,16
DA:19,16
DA:20,16
DA:21,16
DA:22,16
DA:23,16
DA:24,16
DA:25,16
DA:26,16
DA:27,16
DA:28,16
DA:29,16
DA:30,16
DA:31,16
DA:32,16
DA:33,16
DA:34,16
DA:35,16
DA:36,16
DA:37,16
DA:38,16
DA:39,16
DA:40,16
DA:41,16
DA:42,6
DA:43,6
DA:44,6
DA:45,6
DA:46,6
DA:47,6
DA:48,6
DA:49,6
DA:50,6
DA:51,6
DA:52,2
DA:53,6
DA:54,16
DA:55,16
DA:56,16
DA:57,16
DA:58,16
DA:59,16
DA:60,16
DA:61,16
DA:62,16
DA:63,16
DA:64,16
DA:65,16
DA:66,7
DA:67,7
DA:68,7
DA:69,7
DA:70,7
DA:71,7
DA:72,7
DA:73,7
DA:74,7
DA:75,7
DA:76,7
DA:77,7
DA:78,7
DA:79,7
DA:80,7
DA:81,7
DA:82,4
DA:83,4
DA:84,2
DA:85,7
DA:86,16
DA:87,16
DA:88,16
DA:89,16
DA:90,16
DA:91,16
DA:92,16
DA:93,16
DA:94,16
DA:95,16
DA:96,16
DA:97,16
DA:98,16
DA:99,16
DA:100,18
DA:101,18
DA:102,18
DA:103,18
DA:104,18
DA:105,18
DA:106,18
DA:107,18
DA:108,18
DA:109,18
DA:110,18
DA:111,18
DA:112,18
DA:113,18
DA:114,18
DA:115,18
DA:116,18
DA:117,18
DA:118,18
DA:119,18
DA:120,6
DA:121,16
DA:122,7
DA:123,11
DA:124,4
DA:125,4
DA:126,18
DA:127,4
DA:128,4
DA:129,4
DA:130,18
LF:130
LH:130
BRDA:1,0,0,16
BRDA:41,1,0,6
BRDA:51,2,0,5
BRDA:51,3,0,4
BRDA:52,4,0,2
BRDA:65,5,0,7
BRDA:82,6,0,4
BRDA:83,7,0,2
BRDA:99,8,0,18
BRDA:111,9,0,0
BRDA:119,10,0,16
BRDA:119,11,0,6
BRDA:121,12,0,11
BRDA:121,13,0,7
BRDA:123,14,0,4
BRDA:123,15,0,4
BRDA:126,16,0,4
BRF:17
BRH:16
end_of_record
TN:
SF:src/cli/configLoader.js
FN:24,loadConfigOptions
FNF:1
FNH:1
FNDA:18,loadConfigOptions
DA:1,16
DA:2,16
DA:3,16
DA:4,16
DA:5,16
DA:6,16
DA:7,16
DA:8,16
DA:9,16
DA:10,16
DA:11,16
DA:12,16
DA:13,16
DA:14,16
DA:15,16
DA:16,16
DA:17,16
DA:18,16
DA:19,16
DA:20,16
DA:21,16
DA:22,16
DA:23,16
DA:24,16
DA:25,18
DA:26,2
DA:27,2
DA:28,2
DA:29,2
DA:30,18
DA:31,1
DA:32,1
DA:33,1
DA:34,1
DA:35,1
DA:36,1
DA:37,1
DA:38,1
DA:39,18
DA:40,18
LF:40
LH:40
BRDA:1,0,0,16
BRDA:24,1,0,18
BRDA:25,2,0,16
BRDA:26,3,0,2
BRDA:30,4,0,1
BRDA:30,5,0,1
BRDA:39,6,0,0
BRF:7
BRH:6
end_of_record
TN:
SF:src/cli/constants.js
FNF:0
FNH:0
DA:1,17
DA:2,17
DA:3,17
DA:4,17
DA:5,17
DA:6,17
DA:7,17
DA:8,17
DA:9,17
DA:10,17
DA:11,17
DA:12,17
DA:13,17
DA:14,17
DA:15,17
DA:16,17
DA:17,17
DA:18,17
DA:19,17
DA:20,17
DA:21,17
DA:22,17
DA:23,17
DA:24,17
DA:25,17
DA:26,17
DA:27,17
DA:28,17
DA:29,17
DA:30,17
DA:31,17
DA:32,17
DA:33,17
DA:34,17
DA:35,17
DA:36,17
DA:37,17
DA:38,17
DA:39,17
DA:40,17
DA:41,17
DA:42,17
DA:43,17
DA:44,17
DA:45,17
DA:46,17
DA:47,17
DA:48,17
DA:49,17
DA:50,17
DA:51,17
DA:52,17
DA:53,17
DA:54,17
DA:55,17
DA:56,17
DA:57,17
DA:58,17
DA:59,17
DA:60,17
DA:61,17
DA:62,17
DA:63,17
DA:64,17
DA:65,17
DA:66,17
DA:67,17
DA:68,17
DA:69,17
DA:70,17
DA:71,17
DA:72,17
DA:73,17
DA:74,17
DA:75,17
DA:76,17
DA:77,17
DA:78,17
DA:79,17
DA:80,17
DA:81,17
DA:82,17
DA:83,17
DA:84,17
DA:85,17
DA:86,17
DA:87,17
DA:88,17
DA:89,17
DA:90,17
DA:91,17
DA:92,17
DA:93,17
DA:94,17
DA:95,17
DA:96,17
DA:97,17
DA:98,17
DA:99,17
DA:100,17
DA:101,17
DA:102,17
DA:103,17
DA:104,17
DA:105,17
DA:106,17
DA:107,17
DA:108,17
DA:109,17
DA:110,17
DA:111,17
DA:112,17
DA:113,17
DA:114,17
DA:115,17
DA:116,17
DA:117,17
DA:118,17
DA:119,17
DA:120,17
DA:121,17
DA:122,17
DA:123,17
DA:124,17
DA:125,17
DA:126,17
DA:127,17
DA:128,17
DA:129,17
DA:130,17
DA:131,17
DA:132,17
DA:133,17
DA:134,17
DA:135,17
DA:136,17
DA:137,17
DA:138,17
DA:139,17
DA:140,17
DA:141,17
DA:142,17
DA:143,17
DA:144,17
DA:145,17
LF:145
LH:145
BRDA:1,0,0,17
BRF:1
BRH:1
end_of_record
TN:
SF:src/cli/helpers.js
FN:24,detectI18nPresence
FN:41,parseLanguagesArg
FN:58,buildStarterContentFor
FN:90,writeInitFiles
FN:130,computeIsDryRun
FNF:5
FNH:4
FNDA:0,detectI18nPresence
FNDA:4,parseLanguagesArg
FNDA:7,buildStarterContentFor
FNDA:4,writeInitFiles
FNDA:21,computeIsDryRun
DA:1,17
DA:2,17
DA:3,17
DA:4,17
DA:5,17
DA:6,17
DA:7,17
DA:8,17
DA:9,17
DA:10,17
DA:11,17
DA:12,17
DA:13,17
DA:14,17
DA:15,17
DA:16,17
DA:17,17
DA:18,17
DA:19,17
DA:20,17
DA:21,17
DA:22,17
DA:23,17
DA:24,17
DA:25,0
DA:26,0
DA:27,0
DA:28,0
DA:29,0
DA:30,0
DA:31,0
DA:32,0
DA:33,0
DA:34,0
DA:35,17
DA:36,17
DA:37,17
DA:38,17
DA:39,17
DA:40,17
DA:41,17
DA:42,4
DA:43,4
DA:44,4
DA:45,4
DA:46,4
DA:47,4
DA:48,4
DA:49,4
DA:50,4
DA:51,4
DA:52,17
DA:53,17
DA:54,17
DA:55,17
DA:56,17
DA:57,17
DA:58,17
DA:59,7
DA:60,7
DA:61,7
DA:62,7
DA:63,7
DA:64,7
DA:65,7
DA:66,7
DA:67,7
DA:68,7
DA:69,7
DA:70,7
DA:71,7
DA:72,7
DA:73,7
DA:74,7
DA:75,7
DA:76,7
DA:77,7
DA:78,7
DA:79,7
DA:80,7
DA:81,7
DA:82,17
DA:83,17
DA:84,17
DA:85,17
DA:86,17
DA:87,17
DA:88,17
DA:89,17
DA:90,17
DA:91,4
DA:92,4
DA:93,4
DA:94,4
DA:95,2
DA:96,2
DA:97,4
DA:98,8
DA:99,8
DA:100,8
DA:101,8
DA:102,8
DA:103,1
DA:104,7
DA:105,7
DA:106,7
DA:107,8
DA:108,1
DA:109,1
DA:110,1
DA:111,1
DA:112,7
DA:113,8
DA:114,4
DA:115,8
DA:116,3
DA:117,3
DA:118,3
DA:119,7
DA:120,7
DA:121,4
DA:122,4
DA:123,17
DA:124,17
DA:125,17
DA:126,17
DA:127,17
DA:128,17
DA:129,17
DA:130,17
DA:131,21
DA:132,21
DA:133,21
DA:134,11
DA:135,21
DA:136,21
LF:136
LH:126
BRDA:1,0,0,17
BRDA:41,1,0,4
BRDA:42,2,0,0
BRDA:47,3,0,8
BRDA:48,4,0,8
BRDA:58,5,0,7
BRDA:80,6,0,0
BRDA:90,7,0,4
BRDA:94,8,0,2
BRDA:97,9,0,8
BRDA:103,10,0,7
BRDA:103,11,0,1
BRDA:107,12,0,7
BRDA:107,13,0,1
BRDA:113,14,0,4
BRDA:115,15,0,7
BRDA:115,16,0,3
BRDA:130,17,0,21
BRDA:132,18,0,11
BRDA:133,19,0,11
BRF:20
BRH:18
end_of_record
TN:
SF:src/cli/init.js
FN:23,promptForLanguages
FN:53,runInitCommand
FNF:2
FNH:1
FNDA:0,promptForLanguages
FNDA:4,runInitCommand
DA:1,17
DA:2,17
DA:3,17
DA:4,17
DA:5,17
DA:6,17
DA:7,17
DA:8,17
DA:9,17
DA:10,17
DA:11,17
DA:12,17
DA:13,17
DA:14,17
DA:15,17
DA:16,17
DA:17,17
DA:18,17
DA:19,17
DA:20,17
DA:21,17
DA:22,17
DA:23,17
DA:24,0
DA:25,0
DA:26,0
DA:27,0
DA:28,0
DA:29,0
DA:30,0
DA:31,0
DA:32,0
DA:33,0
DA:34,0
DA:35,0
DA:36,0
DA:37,0
DA:38,0
DA:39,0
DA:40,0
DA:41,0
DA:42,0
DA:43,17
DA:44,17
DA:45,17
DA:46,17
DA:47,17
DA:48,17
DA:49,17
DA:50,17
DA:51,17
DA:52,17
DA:53,17
DA:54,4
DA:55,4
DA:56,4
DA:57,4
DA:58,0
DA:59,0
DA:60,0
DA:61,4
DA:62,4
DA:63,4
DA:64,4
DA:65,4
DA:66,4
DA:67,4
DA:68,4
DA:69,2
DA:70,2
DA:71,4
DA:72,4
DA:73,0
DA:74,0
DA:75,0
DA:76,4
LF:76
LH:51
BRDA:1,0,0,17
BRDA:53,1,0,4
BRDA:55,2,0,0
BRDA:57,3,0,0
BRDA:68,4,0,2
BRDA:72,5,0,0
BRF:6
BRH:3
end_of_record
TN:
SF:src/cli/interactive.js
FN:29,showMainMenu
FN:100,handleToExcel
FN:156,handleToJson
FN:216,performConversion
FN:267,askForAnotherAction
FNF:5
FNH:2
FNDA:0,showMainMenu
FNDA:0,handleToExcel
FNDA:0,handleToJson
FNDA:2,performConversion
FNDA:3,askForAnotherAction
DA:1,16
DA:2,16
DA:3,16
DA:4,16
DA:5,16
DA:6,16
DA:7,16
DA:8,16
DA:9,16
DA:10,16
DA:11,16
DA:12,16
DA:13,16
DA:14,16
DA:15,16
DA:16,16
DA:17,16
DA:18,16
DA:19,16
DA:20,16
DA:21,16
DA:22,16
DA:23,16
DA:24,16
DA:25,16
DA:26,16
DA:27,16
DA:28,16
DA:29,16
DA:30,0
DA:31,0
DA:32,0
DA:33,0
DA:34,0
DA:35,0
DA:36,0
DA:37,0
DA:38,0
DA:39,0
DA:40,0
DA:41,0
DA:42,0
DA:43,0
DA:44,0
DA:45,0
DA:46,0
DA:47,0
DA:48,0
DA:49,0
DA:50,0
DA:51,0
DA:52,0
DA:53,0
DA:54,0
DA:55,0
DA:56,0
DA:57,0
DA:58,0
DA:59,0
DA:60,0
DA:61,0
DA:62,0
DA:63,0
DA:64,0
DA:65,0
DA:66,0
DA:67,0
DA:68,0
DA:69,0
DA:70,0
DA:71,0
DA:72,0
DA:73,0
DA:74,0
DA:75,0
DA:76,0
DA:77,0
DA:78,0
DA:79,0
DA:80,0
DA:81,0
DA:82,0
DA:83,0
DA:84,0
DA:85,0
DA:86,0
DA:87,0
DA:88,0
DA:89,0
DA:90,0
DA:91,0
DA:92,0
DA:93,16
DA:94,16
DA:95,16
DA:96,16
DA:97,16
DA:98,16
DA:99,16
DA:100,16
DA:101,0
DA:102,0
DA:103,0
DA:104,0
DA:105,0
DA:106,0
DA:107,0
DA:108,0
DA:109,0
DA:110,0
DA:111,0
DA:112,0
DA:113,0
DA:114,0
DA:115,0
DA:116,0
DA:117,0
DA:118,0
DA:119,0
DA:120,0
DA:121,0
DA:122,0
DA:123,0
DA:124,0
DA:125,0
DA:126,0
DA:127,0
DA:128,0
DA:129,0
DA:130,0
DA:131,0
DA:132,0
DA:133,0
DA:134,0
DA:135,0
DA:136,0
DA:137,0
DA:138,0
DA:139,0
DA:140,0
DA:141,0
DA:142,0
DA:143,0
DA:144,0
DA:145,0
DA:146,0
DA:147,0
DA:148,0
DA:149,16
DA:150,16
DA:151,16
DA:152,16
DA:153,16
DA:154,16
DA:155,16
DA:156,16
DA:157,0
DA:158,0
DA:159,0
DA:160,0
DA:161,0
DA:162,0
DA:163,0
DA:164,0
DA:165,0
DA:166,0
DA:167,0
DA:168,0
DA:169,0
DA:170,0
DA:171,0
DA:172,0
DA:173,0
DA:174,0
DA:175,0
DA:176,0
DA:177,0
DA:178,0
DA:179,0
DA:180,0
DA:181,0
DA:182,0
DA:183,0
DA:184,0
DA:185,0
DA:186,0
DA:187,0
DA:188,0
DA:189,0
DA:190,0
DA:191,0
DA:192,0
DA:193,0
DA:194,0
DA:195,0
DA:196,0
DA:197,0
DA:198,0
DA:199,0
DA:200,0
DA:201,0
DA:202,0
DA:203,0
DA:204,0
DA:205,0
DA:206,16
DA:207,16
DA:208,16
DA:209,16
DA:210,16
DA:211,16
DA:212,16
DA:213,16
DA:214,16
DA:215,16
DA:216,16
DA:217,2
DA:218,2
DA:219,2
DA:220,2
DA:221,2
DA:222,2
DA:223,2
DA:224,2
DA:225,2
DA:226,2
DA:227,2
DA:228,2
DA:229,2
DA:230,2
DA:231,2
DA:232,1
DA:233,1
DA:234,1
DA:235,1
DA:236,1
DA:237,1
DA:238,1
DA:239,1
DA:240,1
DA:241,1
DA:242,1
DA:243,1
DA:244,1
DA:245,1
DA:246,2
DA:247,2
DA:248,2
DA:249,2
DA:250,0
DA:251,0
DA:252,0
DA:253,0
DA:254,2
DA:255,0
DA:256,0
DA:257,2
DA:258,2
DA:259,2
DA:260,16
DA:261,16
DA:262,16
DA:263,16
DA:264,16
DA:265,16
DA:266,16
DA:267,16
DA:268,3
DA:269,3
DA:270,3
DA:271,3
DA:272,3
DA:273,3
DA:274,3
DA:275,3
DA:276,3
DA:277,3
DA:278,0
DA:279,3
DA:280,3
DA:281,3
DA:282,3
DA:283,3
LF:283
LH:116
BRDA:1,0,0,16
BRDA:216,1,0,2
BRDA:224,2,0,0
BRDA:231,3,0,1
BRDA:249,4,0,0
BRDA:254,5,0,0
BRDA:259,6,0,0
BRDA:267,7,0,3
BRDA:277,8,0,0
BRF:9
BRH:4
end_of_record
TN:
SF:src/cli/logging.js
FN:20,logConvertI18nToExcel
FN:32,logConvertExcelToI18n
FN:42,logDryRunSingle
FN:50,logDryRunPlural
FN:59,logConversionCompleted
FN:68,logError
FNF:6
FNH:6
FNDA:6,logConvertI18nToExcel
FNDA:7,logConvertExcelToI18n
FNDA:4,logDryRunSingle
FNDA:2,logDryRunPlural
FNDA:4,logConversionCompleted
FNDA:4,logError
DA:1,16
DA:2,16
DA:3,16
DA:4,16
DA:5,16
DA:6,16
DA:7,16
DA:8,16
DA:9,16
DA:10,16
DA:11,16
DA:12,16
DA:13,16
DA:14,16
DA:15,16
DA:16,16
DA:17,16
DA:18,16
DA:19,16
DA:20,16
DA:21,6
DA:22,6
DA:23,6
DA:24,6
DA:25,16
DA:26,16
DA:27,16
DA:28,16
DA:29,16
DA:30,16
DA:31,16
DA:32,16
DA:33,7
DA:34,7
DA:35,7
DA:36,7
DA:37,16
DA:38,16
DA:39,16
DA:40,16
DA:41,16
DA:42,16
DA:43,4
DA:44,4
DA:45,16
DA:46,16
DA:47,16
DA:48,16
DA:49,16
DA:50,16
DA:51,2
DA:52,2
DA:53,16
DA:54,16
DA:55,16
DA:56,16
DA:57,16
DA:58,16
DA:59,16
DA:60,4
DA:61,4
DA:62,16
DA:63,16
DA:64,16
DA:65,16
DA:66,16
DA:67,16
DA:68,16
DA:69,4
DA:70,4
DA:71,4
DA:72,4
DA:73,4
DA:74,4
LF:74
LH:74
BRDA:1,0,0,16
BRDA:20,1,0,6
BRDA:32,2,0,7
BRDA:42,3,0,4
BRDA:50,4,0,2
BRDA:59,5,0,4
BRDA:68,6,0,4
BRDA:72,7,0,0
BRF:8
BRH:7
end_of_record
TN:
SF:src/cli/options.js
FN:22,mergeCliOptions
FNF:1
FNH:1
FNDA:17,mergeCliOptions
DA:1,16
DA:2,16
DA:3,16
DA:4,16
DA:5,16
DA:6,16
DA:7,16
DA:8,16
DA:9,16
DA:10,16
DA:11,16
DA:12,16
DA:13,16
DA:14,16
DA:15,16
DA:16,16
DA:17,16
DA:18,16
DA:19,16
DA:20,16
DA:21,16
DA:22,16
DA:23,17
DA:24,17
DA:25,17
DA:26,17
DA:27,17
DA:28,17
DA:29,17
DA:30,17
DA:31,17
DA:32,17
DA:33,17
DA:34,17
DA:35,17
DA:36,17
DA:37,17
DA:38,0
DA:39,0
DA:40,17
DA:41,17
LF:41
LH:39
BRDA:1,0,0,16
BRDA:22,1,0,17
BRDA:28,2,0,16
BRDA:28,3,0,4
BRDA:33,4,0,16
BRDA:34,5,0,12
BRDA:35,6,0,13
BRDA:37,7,0,0
BRF:8
BRH:7
end_of_record
TN:
SF:src/cli/params.js
FN:12,resolveI18nToExcelPaths
FN:26,resolveExcelToI18nPaths
FN:42,buildCommonOptions
FN:64,resolveFailOnDuplicates
FNF:4
FNH:4
FNDA:10,resolveI18nToExcelPaths
FNDA:11,resolveExcelToI18nPaths
FNDA:16,buildCommonOptions
FNDA:11,resolveFailOnDuplicates
DA:1,17
DA:2,17
DA:3,17
DA:4,17
DA:5,17
DA:6,17
DA:7,17
DA:8,17
DA:9,17
DA:10,17
DA:11,17
DA:12,17
DA:13,10
DA:14,10
DA:15,10
DA:16,10
DA:17,10
DA:18,10
DA:19,17
DA:20,17
DA:21,17
DA:22,17
DA:23,17
DA:24,17
DA:25,17
DA:26,17
DA:27,11
DA:28,11
DA:29,11
DA:30,11
DA:31,11
DA:32,11
DA:33,17
DA:34,17
DA:35,17
DA:36,17
DA:37,17
DA:38,17
DA:39,17
DA:40,17
DA:41,17
DA:42,17
DA:43,16
DA:44,16
DA:45,16
DA:46,16
DA:47,16
DA:48,16
DA:49,16
DA:50,16
DA:51,16
DA:52,16
DA:53,16
DA:54,16
DA:55,16
DA:56,17
DA:57,17
DA:58,17
DA:59,17
DA:60,17
DA:61,17
DA:62,17
DA:63,17
DA:64,17
DA:65,11
DA:66,11
DA:67,8
DA:68,11
DA:69,11
LF:69
LH:69
BRDA:1,0,0,17
BRDA:12,1,0,10
BRDA:14,2,0,5
BRDA:14,3,0,2
BRDA:14,4,0,1
BRDA:16,5,0,5
BRDA:16,6,0,2
BRDA:16,7,0,1
BRDA:26,8,0,11
BRDA:28,9,0,3
BRDA:28,10,0,2
BRDA:28,11,0,1
BRDA:30,12,0,3
BRDA:30,13,0,2
BRDA:30,14,0,1
BRDA:42,15,0,16
BRDA:49,16,0,2
BRDA:49,17,0,1
BRDA:50,18,0,6
BRDA:50,19,0,2
BRDA:52,20,0,11
BRDA:53,21,0,7
BRDA:64,22,0,11
BRDA:66,23,0,8
BRDA:67,24,0,7
BRF:25
BRH:25
end_of_record
TN:
SF:src/core/excel/sheetRead.js
FN:22,readTranslationsFromWorksheet
FNF:1
FNH:1
FNDA:20,readTranslationsFromWorksheet
DA:1,25
DA:2,25
DA:3,25
DA:4,25
DA:5,25
DA:6,25
DA:7,25
DA:8,25
DA:9,25
DA:10,25
DA:11,25
DA:12,25
DA:13,25
DA:14,25
DA:15,25
DA:16,25
DA:17,25
DA:18,25
DA:19,25
DA:20,25
DA:21,25
DA:22,25
DA:23,20
DA:24,20
DA:25,20
DA:26,20
DA:27,20
DA:28,20
DA:29,31
DA:30,31
DA:31,1
DA:32,1
DA:33,1
DA:34,30
DA:35,20
DA:36,20
DA:37,20
DA:38,20
DA:39,20
DA:40,20
DA:41,20
DA:42,20
DA:43,20
DA:44,20
DA:45,29
DA:46,29
DA:47,29
DA:48,1
DA:49,1
DA:50,1
DA:51,1
DA:52,1
DA:53,1
DA:54,27
DA:55,27
DA:56,17
DA:57,17
DA:58,17
DA:59,17
DA:60,17
DA:61,17
DA:62,17
DA:63,17
DA:64,17
DA:65,17
DA:66,49
DA:67,32
DA:68,49
DA:69,32
DA:70,49
DA:71,24
DA:72,32
DA:73,32
DA:74,60
DA:75,60
DA:76,60
DA:77,60
DA:78,32
DA:79,17
DA:80,17
DA:81,17
DA:82,17
DA:83,17
DA:84,17
DA:85,17
DA:86,20
LF:86
LH:86
BRDA:1,0,0,25
BRDA:22,1,0,20
BRDA:44,2,0,29
BRDA:47,3,0,28
BRDA:47,4,0,1
BRDA:54,5,0,27
BRDA:56,6,0,17
BRDA:28,7,0,31
BRDA:29,8,0,0
BRDA:30,9,0,1
BRDA:34,10,0,30
BRDA:39,11,0,29
BRDA:39,12,0,19
BRDA:60,13,0,26
BRDA:65,14,0,49
BRDA:66,15,0,44
BRDA:66,16,0,17
BRDA:67,17,0,32
BRDA:68,18,0,0
BRDA:69,19,0,32
BRDA:70,20,0,35
BRDA:70,21,0,8
BRDA:71,22,0,24
BRDA:72,23,0,32
BRDA:73,24,0,60
BRF:25
BRH:23
end_of_record
TN:
SF:src/core/excel/sheetWrite.js
FN:17,createTranslationWorksheet
FNF:1
FNH:1
FNDA:8,createTranslationWorksheet
DA:1,26
DA:2,26
DA:3,26
DA:4,26
DA:5,26
DA:6,26
DA:7,26
DA:8,26
DA:9,26
DA:10,26
DA:11,26
DA:12,26
DA:13,26
DA:14,26
DA:15,26
DA:16,26
DA:17,26
DA:18,8
DA:19,8
DA:20,8
DA:21,8
DA:22,8
DA:23,8
DA:24,8
DA:25,8
DA:26,8
DA:27,8
DA:28,8
DA:29,8
DA:30,8
DA:31,8
DA:32,8
DA:33,8
DA:34,8
DA:35,25
DA:36,25
DA:37,25
DA:38,89
DA:39,89
DA:40,25
DA:41,25
DA:42,8
DA:43,8
DA:44,33
DA:45,8
DA:46,8
DA:47,8
DA:48,8
DA:49,8
DA:50,8
DA:51,8
DA:52,8
DA:53,8
DA:54,8
DA:55,8
LF:55
LH:55
BRDA:1,0,0,26
BRDA:17,1,0,8
BRDA:34,2,0,25
BRDA:35,3,0,0
BRDA:37,4,0,89
BRDA:38,5,0,30
BRDA:27,6,0,25
BRDA:28,7,0,17
BRDA:28,8,0,8
BRDA:43,9,0,33
BRF:10
BRH:9
end_of_record
TN:
SF:src/core/json/placeholders.js
FN:12,extractPlaceholders
FNF:1
FNH:1
FNDA:36,extractPlaceholders
DA:1,24
DA:2,24
DA:3,24
DA:4,24
DA:5,24
DA:6,24
DA:7,24
DA:8,24
DA:9,24
DA:10,24
DA:11,24
DA:12,24
DA:13,36
DA:14,36
DA:15,36
DA:16,36
DA:17,36
DA:18,20
DA:19,20
DA:20,36
DA:21,36
LF:21
LH:21
BRDA:1,0,0,24
BRDA:12,1,0,36
BRDA:14,2,0,0
BRDA:17,3,0,20
BRF:4
BRH:3
end_of_record
TN:
SF:src/core/json/structure.js
FN:6,isPlainObject
FN:17,validateJsonStructure
FN:43,ensureObjectBranch
FN:53,setNestedValue
FN:70,flattenTranslations
FNF:5
FNH:5
FNDA:190,isPlainObject
FNDA:118,validateJsonStructure
FNDA:52,ensureObjectBranch
FNDA:114,setNestedValue
FNDA:111,flattenTranslations
DA:1,25
DA:2,25
DA:3,25
DA:4,25
DA:5,25
DA:6,190
DA:7,190
DA:8,190
DA:9,25
DA:10,25
DA:11,25
DA:12,25
DA:13,25
DA:14,25
DA:15,25
DA:16,25
DA:17,25
DA:18,118
DA:19,3
DA:20,3
DA:21,3
DA:22,3
DA:23,115
DA:24,118
DA:25,175
DA:26,175
DA:27,106
DA:28,71
DA:29,71
DA:30,71
DA:31,175
DA:32,175
DA:33,175
DA:34,175
DA:35,175
DA:36,118
DA:37,25
DA:38,25
DA:39,25
DA:40,25
DA:41,25
DA:42,25
DA:43,25
DA:44,52
DA:45,52
DA:46,25
DA:47,25
DA:48,25
DA:49,25
DA:50,25
DA:51,25
DA:52,25
DA:53,25
DA:54,114
DA:55,62
DA:56,62
DA:57,62
DA:58,52
DA:59,52
DA:60,52
DA:61,114
DA:62,25
DA:63,25
DA:64,25
DA:65,25
DA:66,25
DA:67,25
DA:68,25
DA:69,25
DA:70,25
DA:71,111
DA:72,171
DA:73,171
DA:74,69
DA:75,171
DA:76,102
DA:77,102
DA:78,171
DA:79,111
LF:79
LH:79
BRDA:1,0,0,25
BRDA:6,1,0,190
BRDA:7,2,0,187
BRDA:7,3,0,187
BRDA:17,4,0,118
BRDA:18,5,0,3
BRDA:23,6,0,115
BRDA:24,7,0,175
BRDA:25,8,0,98
BRDA:25,9,0,77
BRDA:26,10,0,103
BRDA:27,11,0,174
BRDA:27,12,0,106
BRDA:27,13,0,72
BRDA:27,14,0,71
BRDA:31,15,0,1
BRDA:31,16,0,0
BRDA:36,17,0,113
BRDA:43,18,0,52
BRDA:44,19,0,15
BRDA:44,20,0,37
BRDA:53,21,0,114
BRDA:54,22,0,104
BRDA:54,23,0,62
BRDA:58,24,0,52
BRDA:70,25,0,111
BRDA:71,26,0,171
BRDA:72,27,0,97
BRDA:72,28,0,74
BRDA:73,29,0,69
BRDA:73,30,0,69
BRDA:75,31,0,102
BRF:32
BRH:31
end_of_record
TN:
SF:src/core/languages/mapping.js
FN:12,createReverseLanguageMap
FNF:1
FNH:1
FNDA:23,createReverseLanguageMap
DA:1,26
DA:2,26
DA:3,26
DA:4,26
DA:5,26
DA:6,26
DA:7,26
DA:8,26
DA:9,26
DA:10,26
DA:11,26
DA:12,26
DA:13,23
DA:14,23
DA:15,153
DA:16,153
DA:17,23
DA:18,23
LF:18
LH:18
BRDA:1,0,0,26
BRDA:12,1,0,23
BRDA:14,2,0,1
BRDA:14,3,0,153
BRF:4
BRH:4
end_of_record
TN:
SF:src/core/report/translationReport.js
FN:14,computeMissingLangs
FN:33,buildPlaceholderMap
FN:47,collectAllPlaceholders
FN:62,hasPlaceholderInconsistency
FN:86,generateTranslationReport
FNF:5
FNH:5
FNDA:12,computeMissingLangs
FNDA:12,buildPlaceholderMap
FNDA:12,collectAllPlaceholders
FNDA:12,hasPlaceholderInconsistency
FNDA:6,generateTranslationReport
DA:1,24
DA:2,24
DA:3,24
DA:4,24
DA:5,24
DA:6,24
DA:7,24
DA:8,24
DA:9,24
DA:10,24
DA:11,24
DA:12,24
DA:13,24
DA:14,12
DA:15,12
DA:16,12
DA:17,32
DA:18,32
DA:19,25
DA:20,32
DA:21,7
DA:22,7
DA:23,32
DA:24,12
DA:25,12
DA:26,24
DA:27,24
DA:28,24
DA:29,24
DA:30,24
DA:31,24
DA:32,24
DA:33,12
DA:34,12
DA:35,12
DA:36,32
DA:37,32
DA:38,32
DA:39,12
DA:40,12
DA:41,24
DA:42,24
DA:43,24
DA:44,24
DA:45,24
DA:46,24
DA:47,12
DA:48,12
DA:49,12
DA:50,32
DA:51,32
DA:52,12
DA:53,12
DA:54,24
DA:55,24
DA:56,24
DA:57,24
DA:58,24
DA:59,24
DA:60,24
DA:61,24
DA:62,12
DA:63,12
DA:64,12
DA:65,12
DA:66,12
DA:67,12
DA:68,31
DA:69,31
DA:70,17
DA:71,17
DA:72,28
DA:73,9
DA:74,12
DA:75,24
DA:76,24
DA:77,24
DA:78,24
DA:79,24
DA:80,24
DA:81,24
DA:82,24
DA:83,24
DA:84,24
DA:85,24
DA:86,24
DA:87,6
DA:88,6
DA:89,6
DA:90,6
DA:91,6
DA:92,6
DA:93,12
DA:94,12
DA:95,12
DA:96,12
DA:97,12
DA:98,12
DA:99,12
DA:100,12
DA:101,12
DA:102,12
DA:103,12
DA:104,12
DA:105,12
DA:106,12
DA:107,3
DA:108,3
DA:109,12
DA:110,6
DA:111,6
DA:112,6
LF:112
LH:112
BRDA:1,0,0,24
BRDA:14,1,0,12
BRDA:16,2,0,32
BRDA:18,3,0,25
BRDA:20,4,0,7
BRDA:33,5,0,12
BRDA:35,6,0,32
BRDA:36,7,0,7
BRDA:47,8,0,12
BRDA:49,9,0,32
BRDA:50,10,0,15
BRDA:62,11,0,12
BRDA:67,12,0,31
BRDA:69,13,0,17
BRDA:70,14,0,3
BRDA:72,15,0,28
BRDA:73,16,0,9
BRDA:86,17,0,6
BRDA:92,18,0,12
BRDA:95,19,0,7
BRDA:98,20,0,0
BRDA:106,21,0,3
BRF:22
BRH:21
end_of_record
TN:
SF:src/io/config.js
FN:41,loadValidatedConfig
FN:61,validateConfigObject
FNF:2
FNH:2
FNDA:2,loadValidatedConfig
FNDA:18,validateConfigObject
DA:1,23
DA:2,23
DA:3,23
DA:4,23
DA:5,23
DA:6,23
DA:7,23
DA:8,23
DA:9,23
DA:10,23
DA:11,23
DA:12,23
DA:13,23
DA:14,23
DA:15,23
DA:16,23
DA:17,23
DA:18,23
DA:19,23
DA:20,23
DA:21,23
DA:22,23
DA:23,23
DA:24,23
DA:25,23
DA:26,23
DA:27,23
DA:28,23
DA:29,23
DA:30,23
DA:31,23
DA:32,23
DA:33,23
DA:34,23
DA:35,23
DA:36,23
DA:37,23
DA:38,23
DA:39,23
DA:40,23
DA:41,23
DA:42,2
DA:43,2
DA:44,2
DA:45,2
DA:46,2
DA:47,2
DA:48,2
DA:49,2
DA:50,1
DA:51,1
DA:52,1
DA:53,2
DA:54,23
DA:55,23
DA:56,23
DA:57,23
DA:58,23
DA:59,23
DA:60,23
DA:61,23
DA:62,18
DA:63,18
DA:64,18
DA:65,18
DA:66,18
DA:67,1
DA:68,1
DA:69,1
DA:70,1
DA:71,1
DA:72,17
DA:73,18
LF:73
LH:73
BRDA:1,0,0,23
BRDA:41,1,0,2
BRDA:49,2,0,1
BRDA:61,3,0,18
BRDA:66,4,0,1
BRDA:72,5,0,17
BRDA:68,6,0,1
BRF:7
BRH:7
end_of_record
TN:
SF:src/io/excel.js
FN:13,readWorkbook
FN:24,writeWorkbook
FNF:2
FNH:2
FNDA:14,readWorkbook
FNDA:6,writeWorkbook
DA:1,23
DA:2,23
DA:3,23
DA:4,23
DA:5,23
DA:6,23
DA:7,23
DA:8,23
DA:9,23
DA:10,23
DA:11,23
DA:12,23
DA:13,23
DA:14,14
DA:15,14
DA:16,23
DA:17,23
DA:18,23
DA:19,23
DA:20,23
DA:21,23
DA:22,23
DA:23,23
DA:24,23
DA:25,6
DA:26,6
LF:26
LH:26
BRDA:1,0,0,23
BRDA:13,1,0,14
BRDA:24,2,0,6
BRF:3
BRH:3
end_of_record
TN:
SF:src/io/fs.js
FN:15,assertStringPath
FN:27,ensureDirectoryExists
FN:42,checkFileExists
FN:60,loadJsonFile
FN:80,writeJsonFile
FN:95,readDirJsonFiles
FNF:6
FNH:6
FNDA:113,assertStringPath
FNDA:18,ensureDirectoryExists
FNDA:24,checkFileExists
FNDA:42,loadJsonFile
FNDA:17,writeJsonFile
FNDA:12,readDirJsonFiles
DA:1,23
DA:2,23
DA:3,23
DA:4,23
DA:5,23
DA:6,23
DA:7,23
DA:8,23
DA:9,23
DA:10,23
DA:11,23
DA:12,23
DA:13,23
DA:14,23
DA:15,113
DA:16,113
DA:17,0
DA:18,0
DA:19,113
DA:20,23
DA:21,23
DA:22,23
DA:23,23
DA:24,23
DA:25,23
DA:26,23
DA:27,23
DA:28,18
DA:29,18
DA:30,18
DA:31,18
DA:32,18
DA:33,18
DA:34,23
DA:35,23
DA:36,23
DA:37,23
DA:38,23
DA:39,23
DA:40,23
DA:41,23
DA:42,23
DA:43,24
DA:44,24
DA:45,24
DA:46,24
DA:47,24
DA:48,24
DA:49,1
DA:50,1
DA:51,24
DA:52,23
DA:53,23
DA:54,23
DA:55,23
DA:56,23
DA:57,23
DA:58,23
DA:59,23
DA:60,23
DA:61,42
DA:62,42
DA:63,42
DA:64,42
DA:65,42
DA:66,42
DA:67,42
DA:68,42
DA:69,2
DA:70,2
DA:71,42
DA:72,23
DA:73,23
DA:74,23
DA:75,23
DA:76,23
DA:77,23
DA:78,23
DA:79,23
DA:80,23
DA:81,17
DA:82,17
DA:83,17
DA:84,17
DA:85,17
DA:86,17
DA:87,23
DA:88,23
DA:89,23
DA:90,23
DA:91,23
DA:92,23
DA:93,23
DA:94,23
DA:95,23
DA:96,12
DA:97,12
DA:98,12
DA:99,12
DA:100,12
DA:101,12
DA:102,12
DA:103,12
DA:104,40
DA:105,40
DA:106,39
DA:107,39
DA:108,11
DA:109,12
LF:109
LH:107
BRDA:1,0,0,23
BRDA:15,1,0,113
BRDA:16,2,0,0
BRDA:27,3,0,18
BRDA:42,4,0,24
BRDA:48,5,0,23
BRDA:48,6,0,1
BRDA:60,7,0,42
BRDA:68,8,0,2
BRDA:80,9,0,17
BRDA:95,10,0,12
BRDA:103,11,0,40
BRDA:106,12,0,39
BRDA:108,13,0,11
BRDA:101,14,0,41
BRF:15
BRH:14
end_of_record
TN:
SF:src/io/paths.js
FN:19,validateLanguageCode
FN:48,safeJoinWithin
FNF:2
FNH:2
FNDA:58,validateLanguageCode
FNDA:18,safeJoinWithin
DA:1,26
DA:2,26
DA:3,26
DA:4,26
DA:5,26
DA:6,26
DA:7,26
DA:8,26
DA:9,26
DA:10,26
DA:11,26
DA:12,26
DA:13,26
DA:14,26
DA:15,26
DA:16,26
DA:17,26
DA:18,26
DA:19,26
DA:20,58
DA:21,1
DA:22,1
DA:23,57
DA:24,58
DA:25,0
DA:26,0
DA:27,57
DA:28,58
DA:29,7
DA:30,7
DA:31,50
DA:32,58
DA:33,3
DA:34,0
DA:35,0
DA:36,3
DA:37,50
DA:38,58
DA:39,26
DA:40,26
DA:41,26
DA:42,26
DA:43,26
DA:44,26
DA:45,26
DA:46,26
DA:47,26
DA:48,26
DA:49,18
DA:50,18
DA:51,18
DA:52,18
DA:53,18
DA:54,18
DA:55,1
DA:56,1
DA:57,17
DA:58,18
LF:58
LH:54
BRDA:1,0,0,26
BRDA:19,1,0,58
BRDA:20,2,0,1
BRDA:23,3,0,57
BRDA:24,4,0,0
BRDA:27,5,0,57
BRDA:28,6,0,55
BRDA:28,7,0,51
BRDA:28,8,0,51
BRDA:28,9,0,7
BRDA:31,10,0,50
BRDA:32,11,0,3
BRDA:33,12,0,0
BRDA:37,13,0,50
BRDA:48,14,0,18
BRDA:52,15,0,0
BRDA:54,16,0,17
BRDA:54,17,0,17
BRDA:54,18,0,1
BRF:19
BRH:16
end_of_record
TN:
SF:src/reporters/console.js
FN:21,print
FN:36,printMissing
FN:46,printDuplicates
FN:56,printPlaceholderIssues
FN:80,warn
FNF:5
FNH:5
FNDA:5,print
FNDA:4,printMissing
FNDA:4,printDuplicates
FNDA:4,printPlaceholderIssues
FNDA:1,warn
DA:1,25
DA:2,25
DA:3,25
DA:4,25
DA:5,25
DA:6,25
DA:7,25
DA:8,25
DA:9,25
DA:10,25
DA:11,25
DA:12,25
DA:13,25
DA:14,25
DA:15,25
DA:16,25
DA:17,25
DA:18,25
DA:19,25
DA:20,25
DA:21,25
DA:22,5
DA:23,5
DA:24,5
DA:25,2
DA:26,5
DA:27,5
DA:28,5
DA:29,1
DA:30,1
DA:31,1
DA:32,1
DA:33,1
DA:34,1
DA:35,4
DA:36,4
DA:37,4
DA:38,2
DA:39,2
DA:40,2
DA:41,7
DA:42,7
DA:43,7
DA:44,4
DA:45,4
DA:46,4
DA:47,4
DA:48,1
DA:49,1
DA:50,3
DA:51,2
DA:52,2
DA:53,2
DA:54,4
DA:55,4
DA:56,4
DA:57,4
DA:58,2
DA:59,2
DA:60,2
DA:61,2
DA:62,2
DA:63,2
DA:64,6
DA:65,6
DA:66,6
DA:67,6
DA:68,6
DA:69,2
DA:70,4
DA:71,4
DA:72,4
DA:73,4
DA:74,4
DA:75,25
DA:76,25
DA:77,25
DA:78,25
DA:79,25
DA:80,25
DA:81,1
DA:82,1
DA:83,25
DA:84,25
LF:84
LH:84
BRDA:1,0,0,25
BRDA:21,1,0,5
BRDA:23,2,0,3
BRDA:24,3,0,2
BRDA:28,4,0,1
BRDA:35,5,0,4
BRDA:36,6,0,4
BRDA:37,7,0,2
BRDA:40,8,0,7
BRDA:46,9,0,4
BRDA:47,10,0,3
BRDA:48,11,0,1
BRDA:50,12,0,2
BRDA:54,13,0,1
BRDA:56,14,0,4
BRDA:57,15,0,2
BRDA:63,16,0,6
BRDA:80,17,0,1
BRF:18
BRH:18
end_of_record
TN:
SF:src/reporters/json.js
FN:15,assertStringPath
FN:29,jsonFileReporter
FN:38,print
FN:48,warn
FNF:4
FNH:4
FNDA:2,assertStringPath
FNDA:2,jsonFileReporter
FNDA:1,print
FNDA:1,warn
DA:1,23
DA:2,23
DA:3,23
DA:4,23
DA:5,23
DA:6,23
DA:7,23
DA:8,23
DA:9,23
DA:10,23
DA:11,23
DA:12,23
DA:13,23
DA:14,23
DA:15,2
DA:16,2
DA:17,0
DA:18,0
DA:19,2
DA:20,23
DA:21,23
DA:22,23
DA:23,23
DA:24,23
DA:25,23
DA:26,23
DA:27,23
DA:28,23
DA:29,23
DA:30,2
DA:31,2
DA:32,2
DA:33,2
DA:34,2
DA:35,2
DA:36,2
DA:37,2
DA:38,2
DA:39,1
DA:40,1
DA:41,1
DA:42,1
DA:43,2
DA:44,2
DA:45,2
DA:46,2
DA:47,2
DA:48,2
DA:49,1
DA:50,1
DA:51,2
DA:52,2
DA:53,2
LF:53
LH:51
BRDA:1,0,0,23
BRDA:15,1,0,2
BRDA:16,2,0,0
BRDA:29,3,0,2
BRDA:38,4,0,1
BRDA:48,5,0,1
BRF:6
BRH:5
end_of_record
